{"/home/deploy/repos/space-server-heat-dissipation/runtime/constants/constants.ts": {"path":"/home/deploy/repos/space-server-heat-dissipation/runtime/constants/constants.ts","statementMap":{"0":{"start":{"line":34,"column":13},"end":{"line":34,"column":44}},"1":{"start":{"line":35,"column":13},"end":{"line":35,"column":46}},"2":{"start":{"line":45,"column":13},"end":{"line":45,"column":50}},"3":{"start":{"line":57,"column":13},"end":{"line":57,"column":37}},"4":{"start":{"line":63,"column":13},"end":{"line":63,"column":44}},"5":{"start":{"line":66,"column":13},"end":{"line":66,"column":35}},"6":{"start":{"line":72,"column":13},"end":{"line":72,"column":35}},"7":{"start":{"line":75,"column":13},"end":{"line":75,"column":39}},"8":{"start":{"line":78,"column":13},"end":{"line":78,"column":43}},"9":{"start":{"line":89,"column":13},"end":{"line":89,"column":56}},"10":{"start":{"line":92,"column":13},"end":{"line":92,"column":70}},"11":{"start":{"line":98,"column":13},"end":{"line":98,"column":56}},"12":{"start":{"line":105,"column":13},"end":{"line":110,"column":2}},"13":{"start":{"line":117,"column":13},"end":{"line":117,"column":58}},"14":{"start":{"line":118,"column":13},"end":{"line":118,"column":58}},"15":{"start":{"line":119,"column":13},"end":{"line":119,"column":58}},"16":{"start":{"line":120,"column":13},"end":{"line":120,"column":58}},"17":{"start":{"line":127,"column":13},"end":{"line":132,"column":11}},"18":{"start":{"line":156,"column":13},"end":{"line":156,"column":46}},"19":{"start":{"line":163,"column":13},"end":{"line":163,"column":31}},"20":{"start":{"line":164,"column":13},"end":{"line":164,"column":31}},"21":{"start":{"line":171,"column":13},"end":{"line":171,"column":50}},"22":{"start":{"line":178,"column":13},"end":{"line":178,"column":48}},"23":{"start":{"line":184,"column":13},"end":{"line":190,"column":11}},"24":{"start":{"line":197,"column":13},"end":{"line":204,"column":11}},"25":{"start":{"line":211,"column":13},"end":{"line":216,"column":11}}},"fnMap":{},"branchMap":{},"s":{"0":3,"1":3,"2":3,"3":3,"4":3,"5":3,"6":3,"7":3,"8":3,"9":3,"10":3,"11":3,"12":3,"13":3,"14":3,"15":3,"16":3,"17":3,"18":3,"19":3,"20":3,"21":3,"22":3,"23":3,"24":3,"25":3},"f":{},"b":{}}
,"/home/deploy/repos/space-server-heat-dissipation/runtime/emitters/flag-emitter.ts": {"path":"/home/deploy/repos/space-server-heat-dissipation/runtime/emitters/flag-emitter.ts","statementMap":{"0":{"start":{"line":52,"column":0},"end":{"line":52,"column":16}},"1":{"start":{"line":74,"column":0},"end":{"line":74,"column":16}},"2":{"start":{"line":85,"column":0},"end":{"line":85,"column":16}},"3":{"start":{"line":96,"column":0},"end":{"line":96,"column":16}},"4":{"start":{"line":107,"column":0},"end":{"line":107,"column":16}},"5":{"start":{"line":120,"column":0},"end":{"line":120,"column":16}},"6":{"start":{"line":141,"column":0},"end":{"line":141,"column":16}},"7":{"start":{"line":34,"column":13},"end":{"line":48,"column":11}},"8":{"start":{"line":62,"column":2},"end":{"line":71,"column":4}},"9":{"start":{"line":82,"column":2},"end":{"line":82,"column":105}},"10":{"start":{"line":93,"column":2},"end":{"line":93,"column":108}},"11":{"start":{"line":104,"column":2},"end":{"line":104,"column":106}},"12":{"start":{"line":115,"column":2},"end":{"line":115,"column":105}},"13":{"start":{"line":121,"column":2},"end":{"line":127,"column":4}},"14":{"start":{"line":142,"column":22},"end":{"line":142,"column":70}},"15":{"start":{"line":142,"column":40},"end":{"line":142,"column":62}},"16":{"start":{"line":143,"column":23},"end":{"line":143,"column":72}},"17":{"start":{"line":143,"column":41},"end":{"line":143,"column":64}},"18":{"start":{"line":144,"column":24},"end":{"line":144,"column":74}},"19":{"start":{"line":144,"column":42},"end":{"line":144,"column":66}},"20":{"start":{"line":145,"column":21},"end":{"line":145,"column":68}},"21":{"start":{"line":145,"column":39},"end":{"line":145,"column":60}},"22":{"start":{"line":147,"column":2},"end":{"line":154,"column":4}}},"fnMap":{"0":{"name":"makeFlag","decl":{"start":{"line":52,"column":16},"end":{"line":52,"column":24}},"loc":{"start":{"line":60,"column":25},"end":{"line":72,"column":1}}},"1":{"name":"makeFlagInfo","decl":{"start":{"line":74,"column":16},"end":{"line":74,"column":28}},"loc":{"start":{"line":80,"column":29},"end":{"line":83,"column":1}}},"2":{"name":"makeFlagWarning","decl":{"start":{"line":85,"column":16},"end":{"line":85,"column":31}},"loc":{"start":{"line":91,"column":29},"end":{"line":94,"column":1}}},"3":{"name":"makeFlagReview","decl":{"start":{"line":96,"column":16},"end":{"line":96,"column":30}},"loc":{"start":{"line":102,"column":29},"end":{"line":105,"column":1}}},"4":{"name":"makeFlagError","decl":{"start":{"line":107,"column":16},"end":{"line":107,"column":29}},"loc":{"start":{"line":113,"column":29},"end":{"line":116,"column":1}}},"5":{"name":"makeResearchRequiredFlag","decl":{"start":{"line":120,"column":16},"end":{"line":120,"column":40}},"loc":{"start":{"line":120,"column":73},"end":{"line":128,"column":1}}},"6":{"name":"emitFlags","decl":{"start":{"line":141,"column":16},"end":{"line":141,"column":25}},"loc":{"start":{"line":141,"column":39},"end":{"line":155,"column":1}}},"7":{"name":"(anonymous_7)","decl":{"start":{"line":142,"column":35},"end":{"line":142,"column":36}},"loc":{"start":{"line":142,"column":40},"end":{"line":142,"column":62}}},"8":{"name":"(anonymous_8)","decl":{"start":{"line":143,"column":36},"end":{"line":143,"column":37}},"loc":{"start":{"line":143,"column":41},"end":{"line":143,"column":64}}},"9":{"name":"(anonymous_9)","decl":{"start":{"line":144,"column":37},"end":{"line":144,"column":38}},"loc":{"start":{"line":144,"column":42},"end":{"line":144,"column":66}}},"10":{"name":"(anonymous_10)","decl":{"start":{"line":145,"column":34},"end":{"line":145,"column":35}},"loc":{"start":{"line":145,"column":39},"end":{"line":145,"column":60}}}},"branchMap":{"0":{"loc":{"start":{"line":58,"column":2},"end":{"line":58,"column":46}},"type":"default-arg","locations":[{"start":{"line":58,"column":42},"end":{"line":58,"column":46}}]},"1":{"loc":{"start":{"line":59,"column":2},"end":{"line":59,"column":48}},"type":"default-arg","locations":[{"start":{"line":59,"column":44},"end":{"line":59,"column":48}}]},"2":{"loc":{"start":{"line":60,"column":2},"end":{"line":60,"column":25}},"type":"default-arg","locations":[{"start":{"line":60,"column":20},"end":{"line":60,"column":25}}]},"3":{"loc":{"start":{"line":82,"column":62},"end":{"line":82,"column":77}},"type":"binary-expr","locations":[{"start":{"line":82,"column":62},"end":{"line":82,"column":69}},{"start":{"line":82,"column":73},"end":{"line":82,"column":77}}]},"4":{"loc":{"start":{"line":82,"column":79},"end":{"line":82,"column":96}},"type":"binary-expr","locations":[{"start":{"line":82,"column":79},"end":{"line":82,"column":88}},{"start":{"line":82,"column":92},"end":{"line":82,"column":96}}]},"5":{"loc":{"start":{"line":93,"column":65},"end":{"line":93,"column":80}},"type":"binary-expr","locations":[{"start":{"line":93,"column":65},"end":{"line":93,"column":72}},{"start":{"line":93,"column":76},"end":{"line":93,"column":80}}]},"6":{"loc":{"start":{"line":93,"column":82},"end":{"line":93,"column":99}},"type":"binary-expr","locations":[{"start":{"line":93,"column":82},"end":{"line":93,"column":91}},{"start":{"line":93,"column":95},"end":{"line":93,"column":99}}]},"7":{"loc":{"start":{"line":104,"column":64},"end":{"line":104,"column":79}},"type":"binary-expr","locations":[{"start":{"line":104,"column":64},"end":{"line":104,"column":71}},{"start":{"line":104,"column":75},"end":{"line":104,"column":79}}]},"8":{"loc":{"start":{"line":104,"column":81},"end":{"line":104,"column":98}},"type":"binary-expr","locations":[{"start":{"line":104,"column":81},"end":{"line":104,"column":90}},{"start":{"line":104,"column":94},"end":{"line":104,"column":98}}]},"9":{"loc":{"start":{"line":115,"column":63},"end":{"line":115,"column":78}},"type":"binary-expr","locations":[{"start":{"line":115,"column":63},"end":{"line":115,"column":70}},{"start":{"line":115,"column":74},"end":{"line":115,"column":78}}]},"10":{"loc":{"start":{"line":115,"column":80},"end":{"line":115,"column":97}},"type":"binary-expr","locations":[{"start":{"line":115,"column":80},"end":{"line":115,"column":89}},{"start":{"line":115,"column":93},"end":{"line":115,"column":97}}]}},"s":{"0":2,"1":2,"2":2,"3":2,"4":2,"5":2,"6":2,"7":2,"8":2,"9":0,"10":0,"11":0,"12":2,"13":0,"14":2,"15":1,"16":2,"17":1,"18":2,"19":1,"20":2,"21":1,"22":2},"f":{"0":2,"1":0,"2":0,"3":0,"4":2,"5":0,"6":2,"7":1,"8":1,"9":1,"10":1},"b":{"0":[0],"1":[0],"2":[0],"3":[0,0],"4":[0,0],"5":[0,0],"6":[0,0],"7":[0,0],"8":[0,0],"9":[2,0],"10":[2,1]}}
,"/home/deploy/repos/space-server-heat-dissipation/runtime/emitters/json-emitter.ts": {"path":"/home/deploy/repos/space-server-heat-dissipation/runtime/emitters/json-emitter.ts","statementMap":{"0":{"start":{"line":105,"column":0},"end":{"line":105,"column":16}},"1":{"start":{"line":138,"column":0},"end":{"line":138,"column":16}},"2":{"start":{"line":9,"column":0},"end":{"line":9,"column":null}},"3":{"start":{"line":117,"column":2},"end":{"line":131,"column":4}},"4":{"start":{"line":139,"column":2},"end":{"line":139,"column":41}}},"fnMap":{"0":{"name":"emitStructuredResult","decl":{"start":{"line":105,"column":16},"end":{"line":105,"column":36}},"loc":{"start":{"line":115,"column":17},"end":{"line":132,"column":1}}},"1":{"name":"serializeResult","decl":{"start":{"line":138,"column":16},"end":{"line":138,"column":31}},"loc":{"start":{"line":138,"column":53},"end":{"line":140,"column":1}}}},"branchMap":{"0":{"loc":{"start":{"line":118,"column":12},"end":{"line":118,"column":56}},"type":"binary-expr","locations":[{"start":{"line":118,"column":12},"end":{"line":118,"column":18}},{"start":{"line":118,"column":22},"end":{"line":118,"column":56}}]}},"s":{"0":1,"1":1,"2":1,"3":2,"4":0},"f":{"0":2,"1":0},"b":{"0":[2,2]}}
,"/home/deploy/repos/space-server-heat-dissipation/runtime/formulas/heat-pump.ts": {"path":"/home/deploy/repos/space-server-heat-dissipation/runtime/formulas/heat-pump.ts","statementMap":{"0":{"start":{"line":51,"column":0},"end":{"line":51,"column":16}},"1":{"start":{"line":77,"column":0},"end":{"line":77,"column":16}},"2":{"start":{"line":52,"column":2},"end":{"line":56,"column":3}},"3":{"start":{"line":53,"column":4},"end":{"line":55,"column":6}},"4":{"start":{"line":57,"column":2},"end":{"line":59,"column":3}},"5":{"start":{"line":58,"column":4},"end":{"line":58,"column":74}},"6":{"start":{"line":61,"column":14},"end":{"line":61,"column":62}},"7":{"start":{"line":62,"column":2},"end":{"line":66,"column":4}},"8":{"start":{"line":78,"column":2},"end":{"line":80,"column":3}},"9":{"start":{"line":79,"column":4},"end":{"line":79,"column":81}},"10":{"start":{"line":81,"column":2},"end":{"line":85,"column":3}},"11":{"start":{"line":82,"column":4},"end":{"line":84,"column":6}},"12":{"start":{"line":86,"column":2},"end":{"line":90,"column":3}},"13":{"start":{"line":87,"column":4},"end":{"line":89,"column":6}},"14":{"start":{"line":92,"column":17},"end":{"line":95,"column":4}},"15":{"start":{"line":98,"column":2},"end":{"line":104,"column":3}},"16":{"start":{"line":99,"column":4},"end":{"line":103,"column":6}},"17":{"start":{"line":106,"column":24},"end":{"line":106,"column":75}},"18":{"start":{"line":107,"column":22},"end":{"line":107,"column":56}},"19":{"start":{"line":109,"column":2},"end":{"line":118,"column":4}}},"fnMap":{"0":{"name":"computeCarnotHeatPumpBound","decl":{"start":{"line":51,"column":16},"end":{"line":51,"column":42}},"loc":{"start":{"line":51,"column":69},"end":{"line":67,"column":1}}},"1":{"name":"computeHeatLift","decl":{"start":{"line":77,"column":16},"end":{"line":77,"column":31}},"loc":{"start":{"line":77,"column":52},"end":{"line":119,"column":1}}}},"branchMap":{"0":{"loc":{"start":{"line":52,"column":2},"end":{"line":56,"column":3}},"type":"if","locations":[{"start":{"line":52,"column":2},"end":{"line":56,"column":3}}]},"1":{"loc":{"start":{"line":57,"column":2},"end":{"line":59,"column":3}},"type":"if","locations":[{"start":{"line":57,"column":2},"end":{"line":59,"column":3}}]},"2":{"loc":{"start":{"line":78,"column":2},"end":{"line":80,"column":3}},"type":"if","locations":[{"start":{"line":78,"column":2},"end":{"line":80,"column":3}}]},"3":{"loc":{"start":{"line":81,"column":2},"end":{"line":85,"column":3}},"type":"if","locations":[{"start":{"line":81,"column":2},"end":{"line":85,"column":3}}]},"4":{"loc":{"start":{"line":86,"column":2},"end":{"line":90,"column":3}},"type":"if","locations":[{"start":{"line":86,"column":2},"end":{"line":90,"column":3}}]},"5":{"loc":{"start":{"line":98,"column":2},"end":{"line":104,"column":3}},"type":"if","locations":[{"start":{"line":98,"column":2},"end":{"line":104,"column":3}}]}},"s":{"0":3,"1":3,"2":6,"3":1,"4":5,"5":0,"6":5,"7":5,"8":2,"9":0,"10":2,"11":0,"12":2,"13":0,"14":2,"15":2,"16":1,"17":1,"18":1,"19":1},"f":{"0":6,"1":2},"b":{"0":[1],"1":[0],"2":[0],"3":[0],"4":[0],"5":[1]}}
,"/home/deploy/repos/space-server-heat-dissipation/runtime/formulas/loads.ts": {"path":"/home/deploy/repos/space-server-heat-dissipation/runtime/formulas/loads.ts","statementMap":{"0":{"start":{"line":21,"column":0},"end":{"line":21,"column":16}},"1":{"start":{"line":46,"column":0},"end":{"line":46,"column":16}},"2":{"start":{"line":70,"column":0},"end":{"line":70,"column":16}},"3":{"start":{"line":79,"column":0},"end":{"line":79,"column":16}},"4":{"start":{"line":89,"column":0},"end":{"line":89,"column":16}},"5":{"start":{"line":97,"column":0},"end":{"line":97,"column":16}},"6":{"start":{"line":122,"column":0},"end":{"line":122,"column":16}},"7":{"start":{"line":136,"column":0},"end":{"line":136,"column":16}},"8":{"start":{"line":184,"column":0},"end":{"line":184,"column":16}},"9":{"start":{"line":22,"column":2},"end":{"line":28,"column":3}},"10":{"start":{"line":23,"column":17},"end":{"line":23,"column":44}},"11":{"start":{"line":24,"column":18},"end":{"line":24,"column":46}},"12":{"start":{"line":25,"column":19},"end":{"line":25,"column":48}},"13":{"start":{"line":26,"column":17},"end":{"line":26,"column":44}},"14":{"start":{"line":27,"column":19},"end":{"line":27,"column":45}},"15":{"start":{"line":47,"column":2},"end":{"line":54,"column":4}},"16":{"start":{"line":71,"column":2},"end":{"line":71,"column":51}},"17":{"start":{"line":71,"column":40},"end":{"line":71,"column":51}},"18":{"start":{"line":72,"column":2},"end":{"line":72,"column":29}},"19":{"start":{"line":80,"column":14},"end":{"line":80,"column":118}},"20":{"start":{"line":81,"column":2},"end":{"line":81,"column":33}},"21":{"start":{"line":90,"column":2},"end":{"line":90,"column":66}},"22":{"start":{"line":90,"column":35},"end":{"line":90,"column":61}},"23":{"start":{"line":103,"column":2},"end":{"line":114,"column":4}},"24":{"start":{"line":105,"column":17},"end":{"line":105,"column":30}},"25":{"start":{"line":106,"column":6},"end":{"line":111,"column":8}},"26":{"start":{"line":128,"column":2},"end":{"line":128,"column":84}},"27":{"start":{"line":142,"column":2},"end":{"line":142,"column":83}},"28":{"start":{"line":190,"column":20},"end":{"line":201,"column":7}},"29":{"start":{"line":191,"column":21},"end":{"line":191,"column":70}},"30":{"start":{"line":192,"column":4},"end":{"line":200,"column":7}},"31":{"start":{"line":203,"column":24},"end":{"line":212,"column":7}},"32":{"start":{"line":214,"column":21},"end":{"line":216,"column":null}},"33":{"start":{"line":219,"column":2},"end":{"line":223,"column":4}},"34":{"start":{"line":231,"column":13},"end":{"line":231,"column":53}}},"fnMap":{"0":{"name":"devicePowerAtState","decl":{"start":{"line":21,"column":16},"end":{"line":21,"column":34}},"loc":{"start":{"line":21,"column":73},"end":{"line":29,"column":1}}},"1":{"name":"computeModuleTotal","decl":{"start":{"line":46,"column":16},"end":{"line":46,"column":34}},"loc":{"start":{"line":46,"column":56},"end":{"line":55,"column":1}}},"2":{"name":"dutyFactor","decl":{"start":{"line":70,"column":16},"end":{"line":70,"column":26}},"loc":{"start":{"line":70,"column":46},"end":{"line":73,"column":1}}},"3":{"name":"payloadBlockTotal","decl":{"start":{"line":79,"column":16},"end":{"line":79,"column":33}},"loc":{"start":{"line":79,"column":53},"end":{"line":82,"column":1}}},"4":{"name":"nonComputeTotal","decl":{"start":{"line":89,"column":16},"end":{"line":89,"column":31}},"loc":{"start":{"line":89,"column":54},"end":{"line":91,"column":1}}},"5":{"name":"(anonymous_5)","decl":{"start":{"line":90,"column":23},"end":{"line":90,"column":24}},"loc":{"start":{"line":90,"column":35},"end":{"line":90,"column":61}}},"6":{"name":"aggregateCommsLoad","decl":{"start":{"line":97,"column":16},"end":{"line":97,"column":34}},"loc":{"start":{"line":97,"column":57},"end":{"line":115,"column":1}}},"7":{"name":"(anonymous_7)","decl":{"start":{"line":104,"column":4},"end":{"line":104,"column":5}},"loc":{"start":{"line":104,"column":15},"end":{"line":112,"column":5}}},"8":{"name":"internalRejectTotal","decl":{"start":{"line":122,"column":16},"end":{"line":122,"column":35}},"loc":{"start":{"line":126,"column":28},"end":{"line":129,"column":1}}},"9":{"name":"totalRejectBurden","decl":{"start":{"line":136,"column":16},"end":{"line":136,"column":33}},"loc":{"start":{"line":140,"column":33},"end":{"line":143,"column":1}}},"10":{"name":"aggregateInternalDissipation","decl":{"start":{"line":184,"column":16},"end":{"line":184,"column":44}},"loc":{"start":{"line":188,"column":37},"end":{"line":224,"column":1}}},"11":{"name":"(anonymous_11)","decl":{"start":{"line":190,"column":43},"end":{"line":190,"column":44}},"loc":{"start":{"line":190,"column":54},"end":{"line":201,"column":3}}}},"branchMap":{"0":{"loc":{"start":{"line":22,"column":2},"end":{"line":28,"column":3}},"type":"switch","locations":[{"start":{"line":23,"column":4},"end":{"line":23,"column":44}},{"start":{"line":24,"column":4},"end":{"line":24,"column":46}},{"start":{"line":25,"column":4},"end":{"line":25,"column":48}},{"start":{"line":26,"column":4},"end":{"line":26,"column":44}},{"start":{"line":27,"column":4},"end":{"line":27,"column":45}}]},"1":{"loc":{"start":{"line":27,"column":26},"end":{"line":27,"column":44}},"type":"binary-expr","locations":[{"start":{"line":27,"column":26},"end":{"line":27,"column":39}},{"start":{"line":27,"column":43},"end":{"line":27,"column":44}}]},"2":{"loc":{"start":{"line":71,"column":2},"end":{"line":71,"column":51}},"type":"if","locations":[{"start":{"line":71,"column":2},"end":{"line":71,"column":51}}]},"3":{"loc":{"start":{"line":203,"column":24},"end":{"line":212,"column":7}},"type":"cond-expr","locations":[{"start":{"line":204,"column":6},"end":{"line":211,"column":9}},{"start":{"line":212,"column":6},"end":{"line":212,"column":7}}]}},"s":{"0":2,"1":2,"2":2,"3":2,"4":2,"5":2,"6":2,"7":2,"8":2,"9":5,"10":1,"11":1,"12":1,"13":2,"14":0,"15":2,"16":7,"17":4,"18":3,"19":5,"20":5,"21":4,"22":5,"23":1,"24":2,"25":2,"26":2,"27":1,"28":1,"29":1,"30":1,"31":1,"32":1,"33":1,"34":2},"f":{"0":5,"1":2,"2":7,"3":5,"4":4,"5":5,"6":1,"7":2,"8":2,"9":1,"10":1,"11":1},"b":{"0":[1,1,1,2,0],"1":[0,0],"2":[4],"3":[1,0]}}
,"/home/deploy/repos/space-server-heat-dissipation/runtime/formulas/power-cycle.ts": {"path":"/home/deploy/repos/space-server-heat-dissipation/runtime/formulas/power-cycle.ts","statementMap":{"0":{"start":{"line":10,"column":0},"end":{"line":10,"column":16}},"1":{"start":{"line":20,"column":0},"end":{"line":20,"column":16}},"2":{"start":{"line":37,"column":0},"end":{"line":37,"column":16}},"3":{"start":{"line":58,"column":0},"end":{"line":58,"column":16}},"4":{"start":{"line":81,"column":0},"end":{"line":81,"column":16}},"5":{"start":{"line":121,"column":0},"end":{"line":121,"column":16}},"6":{"start":{"line":11,"column":2},"end":{"line":11,"column":83}},"7":{"start":{"line":11,"column":37},"end":{"line":11,"column":83}},"8":{"start":{"line":12,"column":2},"end":{"line":12,"column":85}},"9":{"start":{"line":12,"column":27},"end":{"line":12,"column":85}},"10":{"start":{"line":13,"column":2},"end":{"line":13,"column":32}},"11":{"start":{"line":21,"column":2},"end":{"line":21,"column":83}},"12":{"start":{"line":21,"column":37},"end":{"line":21,"column":83}},"13":{"start":{"line":22,"column":2},"end":{"line":22,"column":83}},"14":{"start":{"line":22,"column":27},"end":{"line":22,"column":83}},"15":{"start":{"line":23,"column":2},"end":{"line":23,"column":40}},"16":{"start":{"line":42,"column":17},"end":{"line":42,"column":52}},"17":{"start":{"line":43,"column":2},"end":{"line":50,"column":3}},"18":{"start":{"line":44,"column":4},"end":{"line":49,"column":6}},"19":{"start":{"line":51,"column":2},"end":{"line":51,"column":80}},"20":{"start":{"line":63,"column":17},"end":{"line":63,"column":53}},"21":{"start":{"line":64,"column":2},"end":{"line":71,"column":3}},"22":{"start":{"line":65,"column":4},"end":{"line":70,"column":6}},"23":{"start":{"line":72,"column":2},"end":{"line":72,"column":80}},"24":{"start":{"line":88,"column":101},"end":{"line":88,"column":107}},"25":{"start":{"line":89,"column":2},"end":{"line":89,"column":61}},"26":{"start":{"line":89,"column":34},"end":{"line":89,"column":61}},"27":{"start":{"line":90,"column":28},"end":{"line":90,"column":120}},"28":{"start":{"line":91,"column":2},"end":{"line":96,"column":3}},"29":{"start":{"line":92,"column":4},"end":{"line":95,"column":6}},"30":{"start":{"line":97,"column":2},"end":{"line":97,"column":29}},"31":{"start":{"line":122,"column":14},"end":{"line":122,"column":61}},"32":{"start":{"line":123,"column":2},"end":{"line":127,"column":4}}},"fnMap":{"0":{"name":"carnotEfficiency","decl":{"start":{"line":10,"column":16},"end":{"line":10,"column":32}},"loc":{"start":{"line":10,"column":66},"end":{"line":14,"column":1}}},"1":{"name":"carnotCopHeatLift","decl":{"start":{"line":20,"column":16},"end":{"line":20,"column":33}},"loc":{"start":{"line":20,"column":67},"end":{"line":24,"column":1}}},"2":{"name":"validatePowerCycleEfficiency","decl":{"start":{"line":37,"column":16},"end":{"line":37,"column":44}},"loc":{"start":{"line":40,"column":18},"end":{"line":52,"column":1}}},"3":{"name":"validateHeatLiftCop","decl":{"start":{"line":58,"column":16},"end":{"line":58,"column":35}},"loc":{"start":{"line":61,"column":18},"end":{"line":73,"column":1}}},"4":{"name":"checkNoSilentUplift","decl":{"start":{"line":81,"column":16},"end":{"line":81,"column":35}},"loc":{"start":{"line":87,"column":1},"end":{"line":98,"column":1}}},"5":{"name":"computeCarnotEngineBound","decl":{"start":{"line":121,"column":16},"end":{"line":121,"column":40}},"loc":{"start":{"line":121,"column":70},"end":{"line":128,"column":1}}}},"branchMap":{"0":{"loc":{"start":{"line":11,"column":2},"end":{"line":11,"column":83}},"type":"if","locations":[{"start":{"line":11,"column":2},"end":{"line":11,"column":83}}]},"1":{"loc":{"start":{"line":11,"column":6},"end":{"line":11,"column":35}},"type":"binary-expr","locations":[{"start":{"line":11,"column":6},"end":{"line":11,"column":18}},{"start":{"line":11,"column":22},"end":{"line":11,"column":35}}]},"2":{"loc":{"start":{"line":12,"column":2},"end":{"line":12,"column":85}},"type":"if","locations":[{"start":{"line":12,"column":2},"end":{"line":12,"column":85}}]},"3":{"loc":{"start":{"line":21,"column":2},"end":{"line":21,"column":83}},"type":"if","locations":[{"start":{"line":21,"column":2},"end":{"line":21,"column":83}}]},"4":{"loc":{"start":{"line":21,"column":6},"end":{"line":21,"column":35}},"type":"binary-expr","locations":[{"start":{"line":21,"column":6},"end":{"line":21,"column":18}},{"start":{"line":21,"column":22},"end":{"line":21,"column":35}}]},"5":{"loc":{"start":{"line":22,"column":2},"end":{"line":22,"column":83}},"type":"if","locations":[{"start":{"line":22,"column":2},"end":{"line":22,"column":83}}]},"6":{"loc":{"start":{"line":43,"column":2},"end":{"line":50,"column":3}},"type":"if","locations":[{"start":{"line":43,"column":2},"end":{"line":50,"column":3}}]},"7":{"loc":{"start":{"line":43,"column":6},"end":{"line":43,"column":58}},"type":"binary-expr","locations":[{"start":{"line":43,"column":6},"end":{"line":43,"column":28}},{"start":{"line":43,"column":32},"end":{"line":43,"column":58}}]},"8":{"loc":{"start":{"line":64,"column":2},"end":{"line":71,"column":3}},"type":"if","locations":[{"start":{"line":64,"column":2},"end":{"line":71,"column":3}}]},"9":{"loc":{"start":{"line":64,"column":6},"end":{"line":64,"column":58}},"type":"binary-expr","locations":[{"start":{"line":64,"column":6},"end":{"line":64,"column":28}},{"start":{"line":64,"column":32},"end":{"line":64,"column":58}}]},"10":{"loc":{"start":{"line":89,"column":2},"end":{"line":89,"column":61}},"type":"if","locations":[{"start":{"line":89,"column":2},"end":{"line":89,"column":61}}]},"11":{"loc":{"start":{"line":90,"column":28},"end":{"line":90,"column":120}},"type":"binary-expr","locations":[{"start":{"line":90,"column":28},"end":{"line":90,"column":44}},{"start":{"line":90,"column":48},"end":{"line":90,"column":73}},{"start":{"line":90,"column":77},"end":{"line":90,"column":99}},{"start":{"line":90,"column":103},"end":{"line":90,"column":120}}]},"12":{"loc":{"start":{"line":91,"column":2},"end":{"line":96,"column":3}},"type":"if","locations":[{"start":{"line":91,"column":2},"end":{"line":96,"column":3}}]}},"s":{"0":3,"1":3,"2":3,"3":3,"4":3,"5":3,"6":6,"7":0,"8":6,"9":2,"10":4,"11":5,"12":0,"13":5,"14":1,"15":4,"16":3,"17":3,"18":2,"19":1,"20":3,"21":3,"22":2,"23":1,"24":4,"25":4,"26":1,"27":3,"28":3,"29":1,"30":2,"31":0,"32":0},"f":{"0":6,"1":5,"2":3,"3":3,"4":4,"5":0},"b":{"0":[0],"1":[6,6],"2":[2],"3":[0],"4":[5,5],"5":[1],"6":[2],"7":[3,2],"8":[2],"9":[3,2],"10":[1],"11":[3,2,2,2],"12":[1]}}
,"/home/deploy/repos/space-server-heat-dissipation/runtime/formulas/radiation.ts": {"path":"/home/deploy/repos/space-server-heat-dissipation/runtime/formulas/radiation.ts","statementMap":{"0":{"start":{"line":32,"column":0},"end":{"line":32,"column":16}},"1":{"start":{"line":50,"column":0},"end":{"line":50,"column":16}},"2":{"start":{"line":64,"column":0},"end":{"line":64,"column":16}},"3":{"start":{"line":103,"column":0},"end":{"line":103,"column":16}},"4":{"start":{"line":9,"column":0},"end":{"line":9,"column":58}},"5":{"start":{"line":33,"column":103},"end":{"line":33,"column":108}},"6":{"start":{"line":34,"column":16},"end":{"line":34,"column":120}},"7":{"start":{"line":35,"column":22},"end":{"line":35,"column":37}},"8":{"start":{"line":36,"column":24},"end":{"line":36,"column":67}},"9":{"start":{"line":37,"column":18},"end":{"line":37,"column":136}},"10":{"start":{"line":38,"column":2},"end":{"line":43,"column":4}},"11":{"start":{"line":57,"column":2},"end":{"line":57,"column":117}},"12":{"start":{"line":65,"column":17},"end":{"line":72,"column":4}},"13":{"start":{"line":73,"column":19},"end":{"line":73,"column":79}},"14":{"start":{"line":74,"column":2},"end":{"line":74,"column":67}},"15":{"start":{"line":104,"column":17},"end":{"line":111,"column":4}},"16":{"start":{"line":112,"column":2},"end":{"line":115,"column":4}}},"fnMap":{"0":{"name":"radiatorEffectiveArea","decl":{"start":{"line":32,"column":16},"end":{"line":32,"column":37}},"loc":{"start":{"line":32,"column":64},"end":{"line":44,"column":1}}},"1":{"name":"radiatorAchievedRejection","decl":{"start":{"line":50,"column":16},"end":{"line":50,"column":41}},"loc":{"start":{"line":55,"column":18},"end":{"line":58,"column":1}}},"2":{"name":"verifyRegressionAnchor","decl":{"start":{"line":64,"column":16},"end":{"line":64,"column":38}},"loc":{"start":{"line":64,"column":38},"end":{"line":75,"column":1}}},"3":{"name":"computeRadiatorArea","decl":{"start":{"line":103,"column":16},"end":{"line":103,"column":35}},"loc":{"start":{"line":103,"column":60},"end":{"line":116,"column":1}}}},"branchMap":{"0":{"loc":{"start":{"line":107,"column":17},"end":{"line":107,"column":41}},"type":"binary-expr","locations":[{"start":{"line":107,"column":17},"end":{"line":107,"column":34}},{"start":{"line":107,"column":38},"end":{"line":107,"column":41}}]}},"s":{"0":2,"1":2,"2":2,"3":2,"4":2,"5":8,"6":8,"7":8,"8":8,"9":8,"10":8,"11":1,"12":1,"13":1,"14":1,"15":1,"16":1},"f":{"0":8,"1":1,"2":1,"3":1},"b":{"0":[1,1]}}
,"/home/deploy/repos/space-server-heat-dissipation/runtime/formulas/storage.ts": {"path":"/home/deploy/repos/space-server-heat-dissipation/runtime/formulas/storage.ts","statementMap":{"0":{"start":{"line":10,"column":0},"end":{"line":10,"column":16}},"1":{"start":{"line":18,"column":0},"end":{"line":18,"column":16}},"2":{"start":{"line":26,"column":0},"end":{"line":26,"column":16}},"3":{"start":{"line":35,"column":0},"end":{"line":35,"column":16}},"4":{"start":{"line":44,"column":0},"end":{"line":44,"column":16}},"5":{"start":{"line":75,"column":0},"end":{"line":75,"column":16}},"6":{"start":{"line":11,"column":2},"end":{"line":11,"column":45}},"7":{"start":{"line":19,"column":2},"end":{"line":19,"column":37}},"8":{"start":{"line":27,"column":2},"end":{"line":27,"column":73}},"9":{"start":{"line":27,"column":26},"end":{"line":27,"column":73}},"10":{"start":{"line":28,"column":2},"end":{"line":28,"column":36}},"11":{"start":{"line":36,"column":2},"end":{"line":36,"column":67}},"12":{"start":{"line":36,"column":23},"end":{"line":36,"column":67}},"13":{"start":{"line":37,"column":2},"end":{"line":37,"column":35}},"14":{"start":{"line":45,"column":2},"end":{"line":45,"column":70}},"15":{"start":{"line":45,"column":30},"end":{"line":45,"column":70}},"16":{"start":{"line":46,"column":2},"end":{"line":46,"column":42}},"17":{"start":{"line":76,"column":18},"end":{"line":76,"column":53}},"18":{"start":{"line":77,"column":2},"end":{"line":77,"column":76}},"19":{"start":{"line":77,"column":19},"end":{"line":77,"column":76}},"20":{"start":{"line":78,"column":21},"end":{"line":78,"column":81}},"21":{"start":{"line":79,"column":19},"end":{"line":79,"column":97}},"22":{"start":{"line":80,"column":2},"end":{"line":84,"column":4}}},"fnMap":{"0":{"name":"sensibleCapacity","decl":{"start":{"line":10,"column":16},"end":{"line":10,"column":32}},"loc":{"start":{"line":10,"column":90},"end":{"line":12,"column":1}}},"1":{"name":"latentCapacity","decl":{"start":{"line":18,"column":16},"end":{"line":18,"column":30}},"loc":{"start":{"line":18,"column":73},"end":{"line":20,"column":1}}},"2":{"name":"dischargeDuration","decl":{"start":{"line":26,"column":16},"end":{"line":26,"column":33}},"loc":{"start":{"line":26,"column":75},"end":{"line":29,"column":1}}},"3":{"name":"chargeDuration","decl":{"start":{"line":35,"column":16},"end":{"line":35,"column":30}},"loc":{"start":{"line":35,"column":71},"end":{"line":38,"column":1}}},"4":{"name":"requiredPcmMass","decl":{"start":{"line":44,"column":16},"end":{"line":44,"column":31}},"loc":{"start":{"line":44,"column":79},"end":{"line":47,"column":1}}},"5":{"name":"computeStorageEnergy","decl":{"start":{"line":75,"column":16},"end":{"line":75,"column":36}},"loc":{"start":{"line":75,"column":62},"end":{"line":85,"column":1}}}},"branchMap":{"0":{"loc":{"start":{"line":27,"column":2},"end":{"line":27,"column":73}},"type":"if","locations":[{"start":{"line":27,"column":2},"end":{"line":27,"column":73}}]},"1":{"loc":{"start":{"line":36,"column":2},"end":{"line":36,"column":67}},"type":"if","locations":[{"start":{"line":36,"column":2},"end":{"line":36,"column":67}}]},"2":{"loc":{"start":{"line":45,"column":2},"end":{"line":45,"column":70}},"type":"if","locations":[{"start":{"line":45,"column":2},"end":{"line":45,"column":70}}]},"3":{"loc":{"start":{"line":77,"column":2},"end":{"line":77,"column":76}},"type":"if","locations":[{"start":{"line":77,"column":2},"end":{"line":77,"column":76}}]}},"s":{"0":1,"1":1,"2":1,"3":1,"4":1,"5":1,"6":1,"7":0,"8":0,"9":0,"10":0,"11":0,"12":0,"13":0,"14":0,"15":0,"16":0,"17":1,"18":1,"19":0,"20":1,"21":1,"22":1},"f":{"0":1,"1":0,"2":0,"3":0,"4":0,"5":1},"b":{"0":[0],"1":[0],"2":[0],"3":[0]}}
,"/home/deploy/repos/space-server-heat-dissipation/runtime/runner/run-scenario.ts": {"path":"/home/deploy/repos/space-server-heat-dissipation/runtime/runner/run-scenario.ts","statementMap":{"0":{"start":{"line":104,"column":0},"end":{"line":104,"column":16}},"1":{"start":{"line":8,"column":0},"end":{"line":8,"column":186}},"2":{"start":{"line":9,"column":0},"end":{"line":9,"column":137}},"3":{"start":{"line":10,"column":0},"end":{"line":10,"column":102}},"4":{"start":{"line":11,"column":0},"end":{"line":11,"column":60}},"5":{"start":{"line":12,"column":0},"end":{"line":12,"column":59}},"6":{"start":{"line":13,"column":0},"end":{"line":13,"column":93}},"7":{"start":{"line":14,"column":0},"end":{"line":14,"column":64}},"8":{"start":{"line":15,"column":0},"end":{"line":15,"column":144}},"9":{"start":{"line":16,"column":0},"end":{"line":16,"column":59}},"10":{"start":{"line":17,"column":0},"end":{"line":17,"column":95}},"11":{"start":{"line":105,"column":27},"end":{"line":105,"column":29}},"12":{"start":{"line":106,"column":39},"end":{"line":106,"column":41}},"13":{"start":{"line":107,"column":29},"end":{"line":107,"column":31}},"14":{"start":{"line":111,"column":19},"end":{"line":116,"column":4}},"15":{"start":{"line":117,"column":2},"end":{"line":117,"column":47}},"16":{"start":{"line":120,"column":26},"end":{"line":120,"column":63}},"17":{"start":{"line":121,"column":2},"end":{"line":131,"column":3}},"18":{"start":{"line":122,"column":4},"end":{"line":122,"column":61}},"19":{"start":{"line":124,"column":24},"end":{"line":124,"column":43}},"20":{"start":{"line":125,"column":4},"end":{"line":130,"column":6}},"21":{"start":{"line":134,"column":2},"end":{"line":137,"column":3}},"22":{"start":{"line":135,"column":29},"end":{"line":135,"column":71}},"23":{"start":{"line":136,"column":4},"end":{"line":136,"column":62}},"24":{"start":{"line":140,"column":2},"end":{"line":172,"column":3}},"25":{"start":{"line":141,"column":4},"end":{"line":171,"column":5}},"26":{"start":{"line":142,"column":6},"end":{"line":142,"column":36}},"27":{"start":{"line":142,"column":27},"end":{"line":142,"column":36}},"28":{"start":{"line":143,"column":6},"end":{"line":156,"column":7}},"29":{"start":{"line":144,"column":8},"end":{"line":155,"column":9}},"30":{"start":{"line":145,"column":10},"end":{"line":154,"column":12}},"31":{"start":{"line":157,"column":6},"end":{"line":170,"column":7}},"32":{"start":{"line":158,"column":8},"end":{"line":169,"column":9}},"33":{"start":{"line":159,"column":10},"end":{"line":168,"column":12}},"34":{"start":{"line":178,"column":21},"end":{"line":182,"column":null}},"35":{"start":{"line":186,"column":22},"end":{"line":186,"column":50}},"36":{"start":{"line":187,"column":26},"end":{"line":189,"column":7}},"37":{"start":{"line":188,"column":33},"end":{"line":188,"column":42}},"38":{"start":{"line":188,"column":61},"end":{"line":188,"column":108}},"39":{"start":{"line":190,"column":21},"end":{"line":190,"column":59}},"40":{"start":{"line":192,"column":18},"end":{"line":198,"column":4}},"41":{"start":{"line":199,"column":2},"end":{"line":199,"column":46}},"42":{"start":{"line":200,"column":2},"end":{"line":200,"column":34}},"43":{"start":{"line":203,"column":23},"end":{"line":203,"column":24}},"44":{"start":{"line":204,"column":2},"end":{"line":208,"column":3}},"45":{"start":{"line":205,"column":4},"end":{"line":207,"column":5}},"46":{"start":{"line":206,"column":6},"end":{"line":206,"column":37}},"47":{"start":{"line":211,"column":27},"end":{"line":211,"column":28}},"48":{"start":{"line":212,"column":26},"end":{"line":212,"column":27}},"49":{"start":{"line":213,"column":2},"end":{"line":231,"column":3}},"50":{"start":{"line":214,"column":4},"end":{"line":230,"column":5}},"51":{"start":{"line":215,"column":6},"end":{"line":215,"column":36}},"52":{"start":{"line":215,"column":27},"end":{"line":215,"column":36}},"53":{"start":{"line":216,"column":19},"end":{"line":216,"column":44}},"54":{"start":{"line":217,"column":6},"end":{"line":222,"column":7}},"55":{"start":{"line":218,"column":8},"end":{"line":218,"column":55}},"56":{"start":{"line":219,"column":8},"end":{"line":219,"column":34}},"57":{"start":{"line":220,"column":13},"end":{"line":222,"column":7}},"58":{"start":{"line":221,"column":8},"end":{"line":221,"column":34}},"59":{"start":{"line":224,"column":23},"end":{"line":227,"column":null}},"60":{"start":{"line":229,"column":6},"end":{"line":229,"column":44}},"61":{"start":{"line":229,"column":20},"end":{"line":229,"column":44}},"62":{"start":{"line":234,"column":18},"end":{"line":234,"column":67}},"63":{"start":{"line":235,"column":17},"end":{"line":235,"column":91}},"64":{"start":{"line":236,"column":17},"end":{"line":236,"column":44}},"65":{"start":{"line":237,"column":16},"end":{"line":237,"column":52}},"66":{"start":{"line":240,"column":30},"end":{"line":244,"column":4}},"67":{"start":{"line":245,"column":2},"end":{"line":245,"column":77}},"68":{"start":{"line":247,"column":20},"end":{"line":247,"column":21}},"69":{"start":{"line":248,"column":22},"end":{"line":248,"column":23}},"70":{"start":{"line":250,"column":2},"end":{"line":269,"column":3}},"71":{"start":{"line":252,"column":4},"end":{"line":252,"column":51}},"72":{"start":{"line":253,"column":4},"end":{"line":253,"column":47}},"73":{"start":{"line":254,"column":4},"end":{"line":257,"column":6}},"74":{"start":{"line":260,"column":25},"end":{"line":266,"column":6}},"75":{"start":{"line":267,"column":4},"end":{"line":267,"column":55}},"76":{"start":{"line":268,"column":4},"end":{"line":268,"column":59}},"77":{"start":{"line":272,"column":2},"end":{"line":284,"column":3}},"78":{"start":{"line":273,"column":4},"end":{"line":283,"column":6}},"79":{"start":{"line":288,"column":2},"end":{"line":294,"column":3}},"80":{"start":{"line":289,"column":4},"end":{"line":293,"column":5}},"81":{"start":{"line":290,"column":6},"end":{"line":292,"column":7}},"82":{"start":{"line":291,"column":8},"end":{"line":291,"column":67}},"83":{"start":{"line":297,"column":2},"end":{"line":302,"column":3}},"84":{"start":{"line":298,"column":4},"end":{"line":301,"column":5}},"85":{"start":{"line":299,"column":25},"end":{"line":299,"column":56}},"86":{"start":{"line":300,"column":6},"end":{"line":300,"column":84}},"87":{"start":{"line":305,"column":2},"end":{"line":317,"column":3}},"88":{"start":{"line":306,"column":4},"end":{"line":316,"column":6}},"89":{"start":{"line":321,"column":20},"end":{"line":321,"column":21}},"90":{"start":{"line":322,"column":39},"end":{"line":322,"column":43}},"91":{"start":{"line":323,"column":2},"end":{"line":336,"column":3}},"92":{"start":{"line":324,"column":23},"end":{"line":324,"column":59}},"93":{"start":{"line":325,"column":4},"end":{"line":325,"column":69}},"94":{"start":{"line":326,"column":23},"end":{"line":333,"column":6}},"95":{"start":{"line":334,"column":4},"end":{"line":334,"column":48}},"96":{"start":{"line":335,"column":4},"end":{"line":335,"column":44}},"97":{"start":{"line":339,"column":40},"end":{"line":339,"column":44}},"98":{"start":{"line":340,"column":2},"end":{"line":342,"column":3}},"99":{"start":{"line":341,"column":4},"end":{"line":341,"column":83}},"100":{"start":{"line":344,"column":4},"end":{"line":346,"column":43}},"101":{"start":{"line":349,"column":16},"end":{"line":349,"column":41}},"102":{"start":{"line":350,"column":22},"end":{"line":351,"column":48}},"103":{"start":{"line":351,"column":4},"end":{"line":351,"column":48}},"104":{"start":{"line":353,"column":34},"end":{"line":366,"column":4}},"105":{"start":{"line":368,"column":40},"end":{"line":375,"column":4}},"106":{"start":{"line":377,"column":38},"end":{"line":382,"column":4}},"107":{"start":{"line":384,"column":22},"end":{"line":384,"column":41}},"108":{"start":{"line":385,"column":2},"end":{"line":389,"column":4}},"109":{"start":{"line":395,"column":2},"end":{"line":400,"column":4}},"110":{"start":{"line":404,"column":2},"end":{"line":407,"column":4}},"111":{"start":{"line":411,"column":2},"end":{"line":414,"column":4}}},"fnMap":{"0":{"name":"runScenario","decl":{"start":{"line":104,"column":16},"end":{"line":104,"column":27}},"loc":{"start":{"line":104,"column":51},"end":{"line":390,"column":1}}},"1":{"name":"(anonymous_1)","decl":{"start":{"line":188,"column":28},"end":{"line":188,"column":29}},"loc":{"start":{"line":188,"column":33},"end":{"line":188,"column":42}}},"2":{"name":"(anonymous_2)","decl":{"start":{"line":188,"column":51},"end":{"line":188,"column":52}},"loc":{"start":{"line":188,"column":61},"end":{"line":188,"column":108}}},"3":{"name":"(anonymous_3)","decl":{"start":{"line":350,"column":22},"end":{"line":350,"column":23}},"loc":{"start":{"line":351,"column":4},"end":{"line":351,"column":48}}},"4":{"name":"emptyThermal","decl":{"start":{"line":394,"column":9},"end":{"line":394,"column":21}},"loc":{"start":{"line":394,"column":37},"end":{"line":401,"column":1}}},"5":{"name":"emptyElectrical","decl":{"start":{"line":403,"column":9},"end":{"line":403,"column":24}},"loc":{"start":{"line":403,"column":24},"end":{"line":408,"column":1}}},"6":{"name":"emptyPackaging","decl":{"start":{"line":410,"column":9},"end":{"line":410,"column":23}},"loc":{"start":{"line":410,"column":37},"end":{"line":415,"column":1}}}},"branchMap":{"0":{"loc":{"start":{"line":121,"column":2},"end":{"line":131,"column":3}},"type":"if","locations":[{"start":{"line":121,"column":2},"end":{"line":131,"column":3}}]},"1":{"loc":{"start":{"line":128,"column":40},"end":{"line":128,"column":67}},"type":"binary-expr","locations":[{"start":{"line":128,"column":40},"end":{"line":128,"column":61}},{"start":{"line":128,"column":65},"end":{"line":128,"column":67}}]},"2":{"loc":{"start":{"line":134,"column":2},"end":{"line":137,"column":3}},"type":"if","locations":[{"start":{"line":134,"column":2},"end":{"line":137,"column":3}}]},"3":{"loc":{"start":{"line":140,"column":2},"end":{"line":172,"column":3}},"type":"if","locations":[{"start":{"line":140,"column":2},"end":{"line":172,"column":3}}]},"4":{"loc":{"start":{"line":142,"column":6},"end":{"line":142,"column":36}},"type":"if","locations":[{"start":{"line":142,"column":6},"end":{"line":142,"column":36}}]},"5":{"loc":{"start":{"line":143,"column":6},"end":{"line":156,"column":7}},"type":"if","locations":[{"start":{"line":143,"column":6},"end":{"line":156,"column":7}}]},"6":{"loc":{"start":{"line":144,"column":8},"end":{"line":155,"column":9}},"type":"if","locations":[{"start":{"line":144,"column":8},"end":{"line":155,"column":9}}]},"7":{"loc":{"start":{"line":144,"column":12},"end":{"line":144,"column":45}},"type":"binary-expr","locations":[{"start":{"line":144,"column":12},"end":{"line":144,"column":27}},{"start":{"line":144,"column":31},"end":{"line":144,"column":45}}]},"8":{"loc":{"start":{"line":157,"column":6},"end":{"line":170,"column":7}},"type":"if","locations":[{"start":{"line":157,"column":6},"end":{"line":170,"column":7}}]},"9":{"loc":{"start":{"line":158,"column":8},"end":{"line":169,"column":9}},"type":"if","locations":[{"start":{"line":158,"column":8},"end":{"line":169,"column":9}}]},"10":{"loc":{"start":{"line":158,"column":12},"end":{"line":158,"column":45}},"type":"binary-expr","locations":[{"start":{"line":158,"column":12},"end":{"line":158,"column":27}},{"start":{"line":158,"column":31},"end":{"line":158,"column":45}}]},"11":{"loc":{"start":{"line":181,"column":4},"end":{"line":181,"column":45}},"type":"binary-expr","locations":[{"start":{"line":181,"column":4},"end":{"line":181,"column":40}},{"start":{"line":181,"column":44},"end":{"line":181,"column":45}}]},"12":{"loc":{"start":{"line":182,"column":4},"end":{"line":182,"column":42}},"type":"binary-expr","locations":[{"start":{"line":182,"column":4},"end":{"line":182,"column":37}},{"start":{"line":182,"column":41},"end":{"line":182,"column":42}}]},"13":{"loc":{"start":{"line":186,"column":22},"end":{"line":186,"column":50}},"type":"binary-expr","locations":[{"start":{"line":186,"column":22},"end":{"line":186,"column":45}},{"start":{"line":186,"column":49},"end":{"line":186,"column":50}}]},"14":{"loc":{"start":{"line":187,"column":26},"end":{"line":189,"column":7}},"type":"cond-expr","locations":[{"start":{"line":188,"column":6},"end":{"line":188,"column":112}},{"start":{"line":189,"column":6},"end":{"line":189,"column":7}}]},"15":{"loc":{"start":{"line":188,"column":66},"end":{"line":188,"column":86}},"type":"binary-expr","locations":[{"start":{"line":188,"column":66},"end":{"line":188,"column":81}},{"start":{"line":188,"column":85},"end":{"line":188,"column":86}}]},"16":{"loc":{"start":{"line":190,"column":21},"end":{"line":190,"column":59}},"type":"binary-expr","locations":[{"start":{"line":190,"column":21},"end":{"line":190,"column":54}},{"start":{"line":190,"column":58},"end":{"line":190,"column":59}}]},"17":{"loc":{"start":{"line":204,"column":2},"end":{"line":208,"column":3}},"type":"if","locations":[{"start":{"line":204,"column":2},"end":{"line":208,"column":3}}]},"18":{"loc":{"start":{"line":213,"column":2},"end":{"line":231,"column":3}},"type":"if","locations":[{"start":{"line":213,"column":2},"end":{"line":231,"column":3}}]},"19":{"loc":{"start":{"line":215,"column":6},"end":{"line":215,"column":36}},"type":"if","locations":[{"start":{"line":215,"column":6},"end":{"line":215,"column":36}}]},"20":{"loc":{"start":{"line":216,"column":19},"end":{"line":216,"column":44}},"type":"binary-expr","locations":[{"start":{"line":216,"column":19},"end":{"line":216,"column":39}},{"start":{"line":216,"column":43},"end":{"line":216,"column":44}}]},"21":{"loc":{"start":{"line":217,"column":6},"end":{"line":222,"column":7}},"type":"if","locations":[{"start":{"line":217,"column":6},"end":{"line":222,"column":7}},{"start":{"line":220,"column":13},"end":{"line":222,"column":7}}]},"22":{"loc":{"start":{"line":220,"column":13},"end":{"line":222,"column":7}},"type":"if","locations":[{"start":{"line":220,"column":13},"end":{"line":222,"column":7}}]},"23":{"loc":{"start":{"line":229,"column":6},"end":{"line":229,"column":44}},"type":"if","locations":[{"start":{"line":229,"column":6},"end":{"line":229,"column":44}}]},"24":{"loc":{"start":{"line":234,"column":18},"end":{"line":234,"column":67}},"type":"binary-expr","locations":[{"start":{"line":234,"column":18},"end":{"line":234,"column":43}},{"start":{"line":234,"column":47},"end":{"line":234,"column":67}}]},"25":{"loc":{"start":{"line":235,"column":17},"end":{"line":235,"column":91}},"type":"binary-expr","locations":[{"start":{"line":235,"column":17},"end":{"line":235,"column":55}},{"start":{"line":235,"column":59},"end":{"line":235,"column":91}}]},"26":{"loc":{"start":{"line":250,"column":2},"end":{"line":269,"column":3}},"type":"if","locations":[{"start":{"line":250,"column":2},"end":{"line":269,"column":3}},{"start":{"line":258,"column":9},"end":{"line":269,"column":3}}]},"27":{"loc":{"start":{"line":272,"column":2},"end":{"line":284,"column":3}},"type":"if","locations":[{"start":{"line":272,"column":2},"end":{"line":284,"column":3}}]},"28":{"loc":{"start":{"line":288,"column":2},"end":{"line":294,"column":3}},"type":"if","locations":[{"start":{"line":288,"column":2},"end":{"line":294,"column":3}}]},"29":{"loc":{"start":{"line":290,"column":6},"end":{"line":292,"column":7}},"type":"if","locations":[{"start":{"line":290,"column":6},"end":{"line":292,"column":7}}]},"30":{"loc":{"start":{"line":297,"column":2},"end":{"line":302,"column":3}},"type":"if","locations":[{"start":{"line":297,"column":2},"end":{"line":302,"column":3}}]},"31":{"loc":{"start":{"line":305,"column":2},"end":{"line":317,"column":3}},"type":"if","locations":[{"start":{"line":305,"column":2},"end":{"line":317,"column":3}}]},"32":{"loc":{"start":{"line":323,"column":2},"end":{"line":336,"column":3}},"type":"if","locations":[{"start":{"line":323,"column":2},"end":{"line":336,"column":3}}]},"33":{"loc":{"start":{"line":340,"column":2},"end":{"line":342,"column":3}},"type":"if","locations":[{"start":{"line":340,"column":2},"end":{"line":342,"column":3}}]},"34":{"loc":{"start":{"line":344,"column":4},"end":{"line":346,"column":43}},"type":"cond-expr","locations":[{"start":{"line":345,"column":8},"end":{"line":345,"column":42}},{"start":{"line":346,"column":8},"end":{"line":346,"column":43}}]},"35":{"loc":{"start":{"line":344,"column":4},"end":{"line":344,"column":57}},"type":"binary-expr","locations":[{"start":{"line":344,"column":4},"end":{"line":344,"column":29}},{"start":{"line":344,"column":33},"end":{"line":344,"column":57}}]},"36":{"loc":{"start":{"line":346,"column":8},"end":{"line":346,"column":43}},"type":"binary-expr","locations":[{"start":{"line":346,"column":8},"end":{"line":346,"column":24}},{"start":{"line":346,"column":28},"end":{"line":346,"column":43}}]},"37":{"loc":{"start":{"line":349,"column":16},"end":{"line":349,"column":41}},"type":"binary-expr","locations":[{"start":{"line":349,"column":16},"end":{"line":349,"column":35}},{"start":{"line":349,"column":39},"end":{"line":349,"column":41}}]},"38":{"loc":{"start":{"line":351,"column":4},"end":{"line":351,"column":48}},"type":"cond-expr","locations":[{"start":{"line":351,"column":17},"end":{"line":351,"column":41}},{"start":{"line":351,"column":44},"end":{"line":351,"column":48}}]},"39":{"loc":{"start":{"line":374,"column":24},"end":{"line":374,"column":94}},"type":"cond-expr","locations":[{"start":{"line":374,"column":49},"end":{"line":374,"column":87}},{"start":{"line":374,"column":90},"end":{"line":374,"column":94}}]},"40":{"loc":{"start":{"line":378,"column":28},"end":{"line":378,"column":49}},"type":"binary-expr","locations":[{"start":{"line":378,"column":28},"end":{"line":378,"column":41}},{"start":{"line":378,"column":45},"end":{"line":378,"column":49}}]},"41":{"loc":{"start":{"line":381,"column":21},"end":{"line":381,"column":48}},"type":"binary-expr","locations":[{"start":{"line":381,"column":21},"end":{"line":381,"column":42}},{"start":{"line":381,"column":46},"end":{"line":381,"column":48}}]}},"s":{"0":1,"1":1,"2":1,"3":1,"4":1,"5":1,"6":1,"7":1,"8":1,"9":1,"10":1,"11":2,"12":2,"13":2,"14":2,"15":2,"16":2,"17":2,"18":1,"19":1,"20":1,"21":1,"22":0,"23":0,"24":1,"25":0,"26":0,"27":0,"28":0,"29":0,"30":0,"31":0,"32":0,"33":0,"34":1,"35":1,"36":1,"37":0,"38":0,"39":1,"40":1,"41":1,"42":1,"43":1,"44":1,"45":0,"46":0,"47":1,"48":1,"49":1,"50":0,"51":0,"52":0,"53":0,"54":0,"55":0,"56":0,"57":0,"58":0,"59":0,"60":0,"61":0,"62":1,"63":1,"64":1,"65":1,"66":1,"67":1,"68":1,"69":1,"70":1,"71":0,"72":0,"73":0,"74":1,"75":1,"76":1,"77":1,"78":0,"79":1,"80":0,"81":0,"82":0,"83":1,"84":0,"85":0,"86":0,"87":1,"88":0,"89":1,"90":1,"91":1,"92":1,"93":1,"94":1,"95":1,"96":1,"97":1,"98":1,"99":1,"100":1,"101":1,"102":1,"103":4,"104":1,"105":1,"106":1,"107":1,"108":1,"109":1,"110":1,"111":1},"f":{"0":2,"1":0,"2":0,"3":4,"4":1,"5":1,"6":1},"b":{"0":[1],"1":[1,1],"2":[0],"3":[0],"4":[0],"5":[0],"6":[0],"7":[0,0],"8":[0],"9":[0],"10":[0,0],"11":[1,1],"12":[1,1],"13":[1,0],"14":[0,1],"15":[0,0],"16":[1,1],"17":[0],"18":[0],"19":[0],"20":[0,0],"21":[0,0],"22":[0],"23":[0],"24":[1,0],"25":[1,0],"26":[0,1],"27":[0],"28":[0],"29":[0],"30":[0],"31":[0],"32":[1],"33":[1],"34":[1,0],"35":[1,1],"36":[0,0],"37":[1,1],"38":[0,4],"39":[0,1],"40":[1,0],"41":[1,1]}}
,"/home/deploy/repos/space-server-heat-dissipation/runtime/transforms/default-expander.ts": {"path":"/home/deploy/repos/space-server-heat-dissipation/runtime/transforms/default-expander.ts","statementMap":{"0":{"start":{"line":29,"column":0},"end":{"line":29,"column":16}},"1":{"start":{"line":8,"column":0},"end":{"line":8,"column":null}},"2":{"start":{"line":36,"column":36},"end":{"line":36,"column":38}},"3":{"start":{"line":38,"column":22},"end":{"line":38,"column":66}},"4":{"start":{"line":39,"column":2},"end":{"line":46,"column":3}},"5":{"start":{"line":40,"column":4},"end":{"line":45,"column":7}},"6":{"start":{"line":50,"column":4},"end":{"line":52,"column":30}},"7":{"start":{"line":54,"column":34},"end":{"line":54,"column":84}},"8":{"start":{"line":55,"column":2},"end":{"line":62,"column":3}},"9":{"start":{"line":56,"column":4},"end":{"line":61,"column":7}},"10":{"start":{"line":64,"column":29},"end":{"line":64,"column":87}},"11":{"start":{"line":65,"column":2},"end":{"line":72,"column":3}},"12":{"start":{"line":66,"column":4},"end":{"line":71,"column":7}},"13":{"start":{"line":74,"column":18},"end":{"line":74,"column":54}},"14":{"start":{"line":75,"column":2},"end":{"line":82,"column":3}},"15":{"start":{"line":76,"column":4},"end":{"line":81,"column":7}},"16":{"start":{"line":84,"column":2},"end":{"line":84,"column":92}}},"fnMap":{"0":{"name":"expandDefaults","decl":{"start":{"line":29,"column":16},"end":{"line":29,"column":30}},"loc":{"start":{"line":35,"column":1},"end":{"line":85,"column":1}}}},"branchMap":{"0":{"loc":{"start":{"line":38,"column":22},"end":{"line":38,"column":66}},"type":"binary-expr","locations":[{"start":{"line":38,"column":22},"end":{"line":38,"column":43}},{"start":{"line":38,"column":47},"end":{"line":38,"column":66}}]},"1":{"loc":{"start":{"line":39,"column":2},"end":{"line":46,"column":3}},"type":"if","locations":[{"start":{"line":39,"column":2},"end":{"line":46,"column":3}}]},"2":{"loc":{"start":{"line":50,"column":4},"end":{"line":52,"column":30}},"type":"cond-expr","locations":[{"start":{"line":51,"column":9},"end":{"line":51,"column":83}},{"start":{"line":52,"column":8},"end":{"line":52,"column":30}}]},"3":{"loc":{"start":{"line":51,"column":9},"end":{"line":51,"column":83}},"type":"binary-expr","locations":[{"start":{"line":51,"column":9},"end":{"line":51,"column":57}},{"start":{"line":51,"column":61},"end":{"line":51,"column":83}}]},"4":{"loc":{"start":{"line":54,"column":34},"end":{"line":54,"column":84}},"type":"binary-expr","locations":[{"start":{"line":54,"column":34},"end":{"line":54,"column":67}},{"start":{"line":54,"column":71},"end":{"line":54,"column":84}}]},"5":{"loc":{"start":{"line":55,"column":2},"end":{"line":62,"column":3}},"type":"if","locations":[{"start":{"line":55,"column":2},"end":{"line":62,"column":3}}]},"6":{"loc":{"start":{"line":60,"column":58},"end":{"line":60,"column":95}},"type":"binary-expr","locations":[{"start":{"line":60,"column":58},"end":{"line":60,"column":82}},{"start":{"line":60,"column":86},"end":{"line":60,"column":95}}]},"7":{"loc":{"start":{"line":64,"column":29},"end":{"line":64,"column":87}},"type":"binary-expr","locations":[{"start":{"line":64,"column":29},"end":{"line":64,"column":57}},{"start":{"line":64,"column":61},"end":{"line":64,"column":87}}]},"8":{"loc":{"start":{"line":65,"column":2},"end":{"line":72,"column":3}},"type":"if","locations":[{"start":{"line":65,"column":2},"end":{"line":72,"column":3}}]},"9":{"loc":{"start":{"line":74,"column":18},"end":{"line":74,"column":54}},"type":"binary-expr","locations":[{"start":{"line":74,"column":18},"end":{"line":74,"column":35}},{"start":{"line":74,"column":39},"end":{"line":74,"column":54}}]},"10":{"loc":{"start":{"line":75,"column":2},"end":{"line":82,"column":3}},"type":"if","locations":[{"start":{"line":75,"column":2},"end":{"line":82,"column":3}}]}},"s":{"0":1,"1":1,"2":2,"3":2,"4":2,"5":2,"6":2,"7":2,"8":2,"9":2,"10":2,"11":2,"12":2,"13":2,"14":2,"15":2,"16":2},"f":{"0":2},"b":{"0":[2,2],"1":[2],"2":[2,0],"3":[2,0],"4":[2,2],"5":[2],"6":[2,0],"7":[2,2],"8":[2],"9":[2,2],"10":[2]}}
,"/home/deploy/repos/space-server-heat-dissipation/runtime/transforms/scenario-aggregator.ts": {"path":"/home/deploy/repos/space-server-heat-dissipation/runtime/transforms/scenario-aggregator.ts","statementMap":{"0":{"start":{"line":39,"column":0},"end":{"line":39,"column":16}},"1":{"start":{"line":46,"column":36},"end":{"line":46,"column":38}},"2":{"start":{"line":47,"column":26},"end":{"line":47,"column":28}},"3":{"start":{"line":50,"column":25},"end":{"line":50,"column":26}},"4":{"start":{"line":51,"column":2},"end":{"line":68,"column":3}},"5":{"start":{"line":52,"column":4},"end":{"line":56,"column":37}},"6":{"start":{"line":58,"column":4},"end":{"line":63,"column":7}},"7":{"start":{"line":64,"column":4},"end":{"line":67,"column":6}},"8":{"start":{"line":71,"column":2},"end":{"line":73,"column":3}},"9":{"start":{"line":72,"column":4},"end":{"line":72,"column":86}},"10":{"start":{"line":76,"column":4},"end":{"line":80,"column":38}},"11":{"start":{"line":82,"column":2},"end":{"line":91,"column":4}}},"fnMap":{"0":{"name":"aggregateSystemBalance","decl":{"start":{"line":39,"column":16},"end":{"line":39,"column":38}},"loc":{"start":{"line":45,"column":1},"end":{"line":92,"column":1}}}},"branchMap":{"0":{"loc":{"start":{"line":51,"column":2},"end":{"line":68,"column":3}},"type":"if","locations":[{"start":{"line":51,"column":2},"end":{"line":68,"column":3}},{"start":{"line":57,"column":9},"end":{"line":68,"column":3}}]},"1":{"loc":{"start":{"line":71,"column":2},"end":{"line":73,"column":3}},"type":"if","locations":[{"start":{"line":71,"column":2},"end":{"line":73,"column":3}}]}},"s":{"0":1,"1":1,"2":1,"3":1,"4":1,"5":0,"6":1,"7":1,"8":1,"9":1,"10":1,"11":1},"f":{"0":1},"b":{"0":[0,1],"1":[1]}}
,"/home/deploy/repos/space-server-heat-dissipation/runtime/validators/bounds.ts": {"path":"/home/deploy/repos/space-server-heat-dissipation/runtime/validators/bounds.ts","statementMap":{"0":{"start":{"line":30,"column":0},"end":{"line":30,"column":16}},"1":{"start":{"line":139,"column":0},"end":{"line":139,"column":16}},"2":{"start":{"line":163,"column":0},"end":{"line":163,"column":16}},"3":{"start":{"line":187,"column":0},"end":{"line":187,"column":16}},"4":{"start":{"line":206,"column":0},"end":{"line":206,"column":16}},"5":{"start":{"line":23,"column":2},"end":{"line":23,"column":44}},"6":{"start":{"line":51,"column":38},"end":{"line":51,"column":40}},"7":{"start":{"line":52,"column":38},"end":{"line":52,"column":40}},"8":{"start":{"line":53,"column":43},"end":{"line":53,"column":49}},"9":{"start":{"line":56,"column":2},"end":{"line":56,"column":125}},"10":{"start":{"line":56,"column":27},"end":{"line":56,"column":125}},"11":{"start":{"line":57,"column":2},"end":{"line":57,"column":117}},"12":{"start":{"line":57,"column":25},"end":{"line":57,"column":117}},"13":{"start":{"line":58,"column":2},"end":{"line":60,"column":3}},"14":{"start":{"line":59,"column":4},"end":{"line":59,"column":103}},"15":{"start":{"line":61,"column":2},"end":{"line":68,"column":3}},"16":{"start":{"line":62,"column":4},"end":{"line":67,"column":5}},"17":{"start":{"line":63,"column":6},"end":{"line":66,"column":7}},"18":{"start":{"line":64,"column":8},"end":{"line":64,"column":104}},"19":{"start":{"line":65,"column":8},"end":{"line":65,"column":14}},"20":{"start":{"line":69,"column":2},"end":{"line":71,"column":3}},"21":{"start":{"line":70,"column":4},"end":{"line":70,"column":133}},"22":{"start":{"line":72,"column":2},"end":{"line":74,"column":3}},"23":{"start":{"line":73,"column":4},"end":{"line":73,"column":110}},"24":{"start":{"line":75,"column":2},"end":{"line":77,"column":3}},"25":{"start":{"line":76,"column":4},"end":{"line":76,"column":113}},"26":{"start":{"line":78,"column":2},"end":{"line":82,"column":3}},"27":{"start":{"line":79,"column":4},"end":{"line":81,"column":5}},"28":{"start":{"line":80,"column":6},"end":{"line":80,"column":144}},"29":{"start":{"line":83,"column":2},"end":{"line":89,"column":3}},"30":{"start":{"line":84,"column":4},"end":{"line":88,"column":5}},"31":{"start":{"line":85,"column":6},"end":{"line":87,"column":7}},"32":{"start":{"line":86,"column":8},"end":{"line":86,"column":133}},"33":{"start":{"line":90,"column":2},"end":{"line":94,"column":3}},"34":{"start":{"line":91,"column":4},"end":{"line":93,"column":5}},"35":{"start":{"line":92,"column":6},"end":{"line":92,"column":133}},"36":{"start":{"line":97,"column":2},"end":{"line":99,"column":3}},"37":{"start":{"line":98,"column":4},"end":{"line":98,"column":161}},"38":{"start":{"line":100,"column":2},"end":{"line":102,"column":3}},"39":{"start":{"line":101,"column":4},"end":{"line":101,"column":111}},"40":{"start":{"line":103,"column":2},"end":{"line":105,"column":3}},"41":{"start":{"line":104,"column":4},"end":{"line":104,"column":115}},"42":{"start":{"line":106,"column":2},"end":{"line":108,"column":3}},"43":{"start":{"line":107,"column":4},"end":{"line":107,"column":138}},"44":{"start":{"line":109,"column":2},"end":{"line":111,"column":3}},"45":{"start":{"line":110,"column":4},"end":{"line":110,"column":159}},"46":{"start":{"line":113,"column":2},"end":{"line":118,"column":4}},"47":{"start":{"line":127,"column":0},"end":{"line":127,"column":95}},"48":{"start":{"line":147,"column":31},"end":{"line":147,"column":33}},"49":{"start":{"line":148,"column":2},"end":{"line":149,"column":120}},"50":{"start":{"line":149,"column":4},"end":{"line":149,"column":120}},"51":{"start":{"line":150,"column":2},"end":{"line":151,"column":114}},"52":{"start":{"line":151,"column":4},"end":{"line":151,"column":114}},"53":{"start":{"line":152,"column":2},"end":{"line":153,"column":121}},"54":{"start":{"line":153,"column":4},"end":{"line":153,"column":121}},"55":{"start":{"line":154,"column":2},"end":{"line":155,"column":141}},"56":{"start":{"line":155,"column":4},"end":{"line":155,"column":141}},"57":{"start":{"line":156,"column":2},"end":{"line":156,"column":11}},"58":{"start":{"line":171,"column":31},"end":{"line":171,"column":33}},"59":{"start":{"line":172,"column":2},"end":{"line":173,"column":93}},"60":{"start":{"line":173,"column":4},"end":{"line":173,"column":93}},"61":{"start":{"line":174,"column":2},"end":{"line":175,"column":94}},"62":{"start":{"line":175,"column":4},"end":{"line":175,"column":94}},"63":{"start":{"line":176,"column":2},"end":{"line":177,"column":109}},"64":{"start":{"line":177,"column":4},"end":{"line":177,"column":109}},"65":{"start":{"line":178,"column":2},"end":{"line":179,"column":140}},"66":{"start":{"line":179,"column":4},"end":{"line":179,"column":140}},"67":{"start":{"line":180,"column":2},"end":{"line":180,"column":11}},"68":{"start":{"line":192,"column":31},"end":{"line":192,"column":33}},"69":{"start":{"line":193,"column":2},"end":{"line":194,"column":96}},"70":{"start":{"line":194,"column":4},"end":{"line":194,"column":96}},"71":{"start":{"line":195,"column":2},"end":{"line":196,"column":114}},"72":{"start":{"line":196,"column":4},"end":{"line":196,"column":114}},"73":{"start":{"line":197,"column":2},"end":{"line":198,"column":121}},"74":{"start":{"line":198,"column":4},"end":{"line":198,"column":121}},"75":{"start":{"line":199,"column":2},"end":{"line":199,"column":11}},"76":{"start":{"line":207,"column":2},"end":{"line":211,"column":4}},"77":{"start":{"line":208,"column":4},"end":{"line":210,"column":94}}},"fnMap":{"0":{"name":"issue","decl":{"start":{"line":22,"column":9},"end":{"line":22,"column":14}},"loc":{"start":{"line":22,"column":94},"end":{"line":24,"column":1}}},"1":{"name":"validatePacketForExport","decl":{"start":{"line":30,"column":16},"end":{"line":30,"column":39}},"loc":{"start":{"line":50,"column":1},"end":{"line":119,"column":1}}},"2":{"name":"validateThermalZoneBounds","decl":{"start":{"line":139,"column":16},"end":{"line":139,"column":41}},"loc":{"start":{"line":146,"column":1},"end":{"line":157,"column":1}}},"3":{"name":"validateStorageBounds","decl":{"start":{"line":163,"column":16},"end":{"line":163,"column":37}},"loc":{"start":{"line":170,"column":1},"end":{"line":181,"column":1}}},"4":{"name":"validateRadiatorBounds","decl":{"start":{"line":187,"column":16},"end":{"line":187,"column":38}},"loc":{"start":{"line":191,"column":1},"end":{"line":200,"column":1}}},"5":{"name":"boundsViolationsToFlags","decl":{"start":{"line":206,"column":16},"end":{"line":206,"column":39}},"loc":{"start":{"line":206,"column":88},"end":{"line":212,"column":1}}},"6":{"name":"(anonymous_6)","decl":{"start":{"line":207,"column":24},"end":{"line":207,"column":25}},"loc":{"start":{"line":208,"column":4},"end":{"line":210,"column":94}}}},"branchMap":{"0":{"loc":{"start":{"line":53,"column":10},"end":{"line":53,"column":38}},"type":"default-arg","locations":[{"start":{"line":53,"column":36},"end":{"line":53,"column":38}}]},"1":{"loc":{"start":{"line":56,"column":2},"end":{"line":56,"column":125}},"type":"if","locations":[{"start":{"line":56,"column":2},"end":{"line":56,"column":125}}]},"2":{"loc":{"start":{"line":57,"column":2},"end":{"line":57,"column":117}},"type":"if","locations":[{"start":{"line":57,"column":2},"end":{"line":57,"column":117}}]},"3":{"loc":{"start":{"line":58,"column":2},"end":{"line":60,"column":3}},"type":"if","locations":[{"start":{"line":58,"column":2},"end":{"line":60,"column":3}}]},"4":{"loc":{"start":{"line":58,"column":6},"end":{"line":58,"column":66}},"type":"binary-expr","locations":[{"start":{"line":58,"column":6},"end":{"line":58,"column":39}},{"start":{"line":58,"column":43},"end":{"line":58,"column":66}}]},"5":{"loc":{"start":{"line":61,"column":2},"end":{"line":68,"column":3}},"type":"if","locations":[{"start":{"line":61,"column":2},"end":{"line":68,"column":3}}]},"6":{"loc":{"start":{"line":63,"column":6},"end":{"line":66,"column":7}},"type":"if","locations":[{"start":{"line":63,"column":6},"end":{"line":66,"column":7}}]},"7":{"loc":{"start":{"line":69,"column":2},"end":{"line":71,"column":3}},"type":"if","locations":[{"start":{"line":69,"column":2},"end":{"line":71,"column":3}}]},"8":{"loc":{"start":{"line":69,"column":6},"end":{"line":69,"column":87}},"type":"binary-expr","locations":[{"start":{"line":69,"column":6},"end":{"line":69,"column":49}},{"start":{"line":69,"column":53},"end":{"line":69,"column":87}}]},"9":{"loc":{"start":{"line":72,"column":2},"end":{"line":74,"column":3}},"type":"if","locations":[{"start":{"line":72,"column":2},"end":{"line":74,"column":3}}]},"10":{"loc":{"start":{"line":72,"column":6},"end":{"line":72,"column":90}},"type":"binary-expr","locations":[{"start":{"line":72,"column":6},"end":{"line":72,"column":37}},{"start":{"line":72,"column":42},"end":{"line":72,"column":64}},{"start":{"line":72,"column":68},"end":{"line":72,"column":89}}]},"11":{"loc":{"start":{"line":75,"column":2},"end":{"line":77,"column":3}},"type":"if","locations":[{"start":{"line":75,"column":2},"end":{"line":77,"column":3}}]},"12":{"loc":{"start":{"line":75,"column":6},"end":{"line":75,"column":93}},"type":"binary-expr","locations":[{"start":{"line":75,"column":6},"end":{"line":75,"column":38}},{"start":{"line":75,"column":43},"end":{"line":75,"column":66}},{"start":{"line":75,"column":70},"end":{"line":75,"column":92}}]},"13":{"loc":{"start":{"line":78,"column":2},"end":{"line":82,"column":3}},"type":"if","locations":[{"start":{"line":78,"column":2},"end":{"line":82,"column":3}}]},"14":{"loc":{"start":{"line":78,"column":6},"end":{"line":78,"column":94}},"type":"binary-expr","locations":[{"start":{"line":78,"column":6},"end":{"line":78,"column":48}},{"start":{"line":78,"column":52},"end":{"line":78,"column":94}}]},"15":{"loc":{"start":{"line":79,"column":4},"end":{"line":81,"column":5}},"type":"if","locations":[{"start":{"line":79,"column":4},"end":{"line":81,"column":5}}]},"16":{"loc":{"start":{"line":83,"column":2},"end":{"line":89,"column":3}},"type":"if","locations":[{"start":{"line":83,"column":2},"end":{"line":89,"column":3}}]},"17":{"loc":{"start":{"line":84,"column":4},"end":{"line":88,"column":5}},"type":"if","locations":[{"start":{"line":84,"column":4},"end":{"line":88,"column":5}}]},"18":{"loc":{"start":{"line":84,"column":8},"end":{"line":84,"column":81}},"type":"binary-expr","locations":[{"start":{"line":84,"column":8},"end":{"line":84,"column":43}},{"start":{"line":84,"column":47},"end":{"line":84,"column":81}}]},"19":{"loc":{"start":{"line":85,"column":6},"end":{"line":87,"column":7}},"type":"if","locations":[{"start":{"line":85,"column":6},"end":{"line":87,"column":7}}]},"20":{"loc":{"start":{"line":90,"column":2},"end":{"line":94,"column":3}},"type":"if","locations":[{"start":{"line":90,"column":2},"end":{"line":94,"column":3}}]},"21":{"loc":{"start":{"line":91,"column":4},"end":{"line":93,"column":5}},"type":"if","locations":[{"start":{"line":91,"column":4},"end":{"line":93,"column":5}}]},"22":{"loc":{"start":{"line":91,"column":8},"end":{"line":91,"column":80}},"type":"binary-expr","locations":[{"start":{"line":91,"column":8},"end":{"line":91,"column":41}},{"start":{"line":91,"column":45},"end":{"line":91,"column":80}}]},"23":{"loc":{"start":{"line":97,"column":2},"end":{"line":99,"column":3}},"type":"if","locations":[{"start":{"line":97,"column":2},"end":{"line":99,"column":3}}]},"24":{"loc":{"start":{"line":97,"column":6},"end":{"line":97,"column":108}},"type":"binary-expr","locations":[{"start":{"line":97,"column":6},"end":{"line":97,"column":54}},{"start":{"line":97,"column":58},"end":{"line":97,"column":108}}]},"25":{"loc":{"start":{"line":100,"column":2},"end":{"line":102,"column":3}},"type":"if","locations":[{"start":{"line":100,"column":2},"end":{"line":102,"column":3}}]},"26":{"loc":{"start":{"line":103,"column":2},"end":{"line":105,"column":3}},"type":"if","locations":[{"start":{"line":103,"column":2},"end":{"line":105,"column":3}}]},"27":{"loc":{"start":{"line":106,"column":2},"end":{"line":108,"column":3}},"type":"if","locations":[{"start":{"line":106,"column":2},"end":{"line":108,"column":3}}]},"28":{"loc":{"start":{"line":109,"column":2},"end":{"line":111,"column":3}},"type":"if","locations":[{"start":{"line":109,"column":2},"end":{"line":111,"column":3}}]},"29":{"loc":{"start":{"line":148,"column":2},"end":{"line":149,"column":120}},"type":"if","locations":[{"start":{"line":148,"column":2},"end":{"line":149,"column":120}}]},"30":{"loc":{"start":{"line":150,"column":2},"end":{"line":151,"column":114}},"type":"if","locations":[{"start":{"line":150,"column":2},"end":{"line":151,"column":114}}]},"31":{"loc":{"start":{"line":152,"column":2},"end":{"line":153,"column":121}},"type":"if","locations":[{"start":{"line":152,"column":2},"end":{"line":153,"column":121}}]},"32":{"loc":{"start":{"line":154,"column":2},"end":{"line":155,"column":141}},"type":"if","locations":[{"start":{"line":154,"column":2},"end":{"line":155,"column":141}}]},"33":{"loc":{"start":{"line":154,"column":6},"end":{"line":154,"column":82}},"type":"binary-expr","locations":[{"start":{"line":154,"column":6},"end":{"line":154,"column":42}},{"start":{"line":154,"column":46},"end":{"line":154,"column":82}}]},"34":{"loc":{"start":{"line":172,"column":2},"end":{"line":173,"column":93}},"type":"if","locations":[{"start":{"line":172,"column":2},"end":{"line":173,"column":93}}]},"35":{"loc":{"start":{"line":174,"column":2},"end":{"line":175,"column":94}},"type":"if","locations":[{"start":{"line":174,"column":2},"end":{"line":175,"column":94}}]},"36":{"loc":{"start":{"line":176,"column":2},"end":{"line":177,"column":109}},"type":"if","locations":[{"start":{"line":176,"column":2},"end":{"line":177,"column":109}}]},"37":{"loc":{"start":{"line":178,"column":2},"end":{"line":179,"column":140}},"type":"if","locations":[{"start":{"line":178,"column":2},"end":{"line":179,"column":140}}]},"38":{"loc":{"start":{"line":178,"column":6},"end":{"line":178,"column":88}},"type":"binary-expr","locations":[{"start":{"line":178,"column":6},"end":{"line":178,"column":45}},{"start":{"line":178,"column":49},"end":{"line":178,"column":88}}]},"39":{"loc":{"start":{"line":193,"column":2},"end":{"line":194,"column":96}},"type":"if","locations":[{"start":{"line":193,"column":2},"end":{"line":194,"column":96}}]},"40":{"loc":{"start":{"line":193,"column":6},"end":{"line":193,"column":57}},"type":"binary-expr","locations":[{"start":{"line":193,"column":6},"end":{"line":193,"column":30}},{"start":{"line":193,"column":34},"end":{"line":193,"column":57}}]},"41":{"loc":{"start":{"line":195,"column":2},"end":{"line":196,"column":114}},"type":"if","locations":[{"start":{"line":195,"column":2},"end":{"line":196,"column":114}}]},"42":{"loc":{"start":{"line":197,"column":2},"end":{"line":198,"column":121}},"type":"if","locations":[{"start":{"line":197,"column":2},"end":{"line":198,"column":121}}]},"43":{"loc":{"start":{"line":208,"column":4},"end":{"line":210,"column":94}},"type":"cond-expr","locations":[{"start":{"line":209,"column":8},"end":{"line":209,"column":92}},{"start":{"line":210,"column":8},"end":{"line":210,"column":94}}]},"44":{"loc":{"start":{"line":209,"column":71},"end":{"line":209,"column":91}},"type":"binary-expr","locations":[{"start":{"line":209,"column":71},"end":{"line":209,"column":78}},{"start":{"line":209,"column":82},"end":{"line":209,"column":91}}]},"45":{"loc":{"start":{"line":210,"column":73},"end":{"line":210,"column":93}},"type":"binary-expr","locations":[{"start":{"line":210,"column":73},"end":{"line":210,"column":80}},{"start":{"line":210,"column":84},"end":{"line":210,"column":93}}]}},"s":{"0":1,"1":1,"2":1,"3":1,"4":1,"5":0,"6":0,"7":0,"8":0,"9":0,"10":0,"11":0,"12":0,"13":0,"14":0,"15":0,"16":0,"17":0,"18":0,"19":0,"20":0,"21":0,"22":0,"23":0,"24":0,"25":0,"26":0,"27":0,"28":0,"29":0,"30":0,"31":0,"32":0,"33":0,"34":0,"35":0,"36":0,"37":0,"38":0,"39":0,"40":0,"41":0,"42":0,"43":0,"44":0,"45":0,"46":0,"47":1,"48":0,"49":0,"50":0,"51":0,"52":0,"53":0,"54":0,"55":0,"56":0,"57":0,"58":1,"59":1,"60":0,"61":1,"62":0,"63":1,"64":0,"65":1,"66":0,"67":1,"68":1,"69":1,"70":0,"71":1,"72":0,"73":1,"74":0,"75":1,"76":2,"77":0},"f":{"0":0,"1":0,"2":0,"3":1,"4":1,"5":2,"6":0},"b":{"0":[0],"1":[0],"2":[0],"3":[0],"4":[0,0],"5":[0],"6":[0],"7":[0],"8":[0,0],"9":[0],"10":[0,0,0],"11":[0],"12":[0,0,0],"13":[0],"14":[0,0],"15":[0],"16":[0],"17":[0],"18":[0,0],"19":[0],"20":[0],"21":[0],"22":[0,0],"23":[0],"24":[0,0],"25":[0],"26":[0],"27":[0],"28":[0],"29":[0],"30":[0],"31":[0],"32":[0],"33":[0,0],"34":[0],"35":[0],"36":[0],"37":[0],"38":[1,1],"39":[0],"40":[1,1],"41":[0],"42":[0],"43":[0,0],"44":[0,0],"45":[0,0]}}
,"/home/deploy/repos/space-server-heat-dissipation/runtime/validators/operating-mode.ts": {"path":"/home/deploy/repos/space-server-heat-dissipation/runtime/validators/operating-mode.ts","statementMap":{"0":{"start":{"line":25,"column":0},"end":{"line":25,"column":16}},"1":{"start":{"line":44,"column":0},"end":{"line":44,"column":16}},"2":{"start":{"line":82,"column":0},"end":{"line":82,"column":16}},"3":{"start":{"line":122,"column":0},"end":{"line":122,"column":16}},"4":{"start":{"line":157,"column":0},"end":{"line":157,"column":16}},"5":{"start":{"line":182,"column":0},"end":{"line":182,"column":16}},"6":{"start":{"line":8,"column":0},"end":{"line":8,"column":63}},"7":{"start":{"line":9,"column":0},"end":{"line":9,"column":65}},"8":{"start":{"line":10,"column":0},"end":{"line":10,"column":67}},"9":{"start":{"line":11,"column":0},"end":{"line":11,"column":67}},"10":{"start":{"line":12,"column":0},"end":{"line":12,"column":77}},"11":{"start":{"line":26,"column":2},"end":{"line":34,"column":3}},"12":{"start":{"line":27,"column":4},"end":{"line":33,"column":6}},"13":{"start":{"line":35,"column":2},"end":{"line":35,"column":12}},"14":{"start":{"line":47,"column":47},"end":{"line":47,"column":49}},"15":{"start":{"line":49,"column":2},"end":{"line":54,"column":3}},"16":{"start":{"line":50,"column":4},"end":{"line":53,"column":5}},"17":{"start":{"line":57,"column":14},"end":{"line":57,"column":41}},"18":{"start":{"line":57,"column":30},"end":{"line":57,"column":40}},"19":{"start":{"line":58,"column":15},"end":{"line":58,"column":32}},"20":{"start":{"line":59,"column":2},"end":{"line":68,"column":3}},"21":{"start":{"line":60,"column":4},"end":{"line":66,"column":5}},"22":{"start":{"line":61,"column":6},"end":{"line":65,"column":9}},"23":{"start":{"line":67,"column":4},"end":{"line":67,"column":17}},"24":{"start":{"line":70,"column":2},"end":{"line":70,"column":20}},"25":{"start":{"line":83,"column":47},"end":{"line":83,"column":49}},"26":{"start":{"line":85,"column":2},"end":{"line":92,"column":3}},"27":{"start":{"line":86,"column":4},"end":{"line":90,"column":7}},"28":{"start":{"line":91,"column":4},"end":{"line":91,"column":22}},"29":{"start":{"line":94,"column":17},"end":{"line":97,"column":4}},"30":{"start":{"line":99,"column":2},"end":{"line":108,"column":3}},"31":{"start":{"line":100,"column":4},"end":{"line":107,"column":7}},"32":{"start":{"line":110,"column":2},"end":{"line":110,"column":20}},"33":{"start":{"line":123,"column":47},"end":{"line":123,"column":49}},"34":{"start":{"line":125,"column":2},"end":{"line":134,"column":3}},"35":{"start":{"line":126,"column":4},"end":{"line":132,"column":7}},"36":{"start":{"line":133,"column":4},"end":{"line":133,"column":22}},"37":{"start":{"line":136,"column":17},"end":{"line":139,"column":4}},"38":{"start":{"line":141,"column":2},"end":{"line":150,"column":3}},"39":{"start":{"line":142,"column":4},"end":{"line":149,"column":7}},"40":{"start":{"line":152,"column":2},"end":{"line":152,"column":20}},"41":{"start":{"line":162,"column":2},"end":{"line":162,"column":41}},"42":{"start":{"line":162,"column":29},"end":{"line":162,"column":41}},"43":{"start":{"line":163,"column":19},"end":{"line":163,"column":53}},"44":{"start":{"line":164,"column":2},"end":{"line":175,"column":3}},"45":{"start":{"line":165,"column":4},"end":{"line":174,"column":6}},"46":{"start":{"line":176,"column":2},"end":{"line":176,"column":14}},"47":{"start":{"line":183,"column":2},"end":{"line":192,"column":4}},"48":{"start":{"line":184,"column":4},"end":{"line":190,"column":null}}},"fnMap":{"0":{"name":"validateOrbitClass","decl":{"start":{"line":25,"column":16},"end":{"line":25,"column":34}},"loc":{"start":{"line":25,"column":54},"end":{"line":36,"column":1}}},"1":{"name":"validateNoModeFusion","decl":{"start":{"line":44,"column":16},"end":{"line":44,"column":36}},"loc":{"start":{"line":45,"column":57},"end":{"line":71,"column":1}}},"2":{"name":"(anonymous_2)","decl":{"start":{"line":57,"column":25},"end":{"line":57,"column":26}},"loc":{"start":{"line":57,"column":30},"end":{"line":57,"column":40}}},"3":{"name":"validateHeatLiftMode","decl":{"start":{"line":82,"column":16},"end":{"line":82,"column":36}},"loc":{"start":{"line":82,"column":61},"end":{"line":111,"column":1}}},"4":{"name":"validatePowerCycleMode","decl":{"start":{"line":122,"column":16},"end":{"line":122,"column":38}},"loc":{"start":{"line":122,"column":65},"end":{"line":153,"column":1}}},"5":{"name":"checkScavengingSignificance","decl":{"start":{"line":157,"column":16},"end":{"line":157,"column":43}},"loc":{"start":{"line":160,"column":26},"end":{"line":177,"column":1}}},"6":{"name":"modeViolationsToFlags","decl":{"start":{"line":182,"column":16},"end":{"line":182,"column":37}},"loc":{"start":{"line":182,"column":74},"end":{"line":193,"column":1}}},"7":{"name":"(anonymous_7)","decl":{"start":{"line":183,"column":24},"end":{"line":183,"column":25}},"loc":{"start":{"line":184,"column":4},"end":{"line":190,"column":null}}}},"branchMap":{"0":{"loc":{"start":{"line":26,"column":2},"end":{"line":34,"column":3}},"type":"if","locations":[{"start":{"line":26,"column":2},"end":{"line":34,"column":3}}]},"1":{"loc":{"start":{"line":50,"column":4},"end":{"line":53,"column":5}},"type":"if","locations":[{"start":{"line":50,"column":4},"end":{"line":53,"column":5}}]},"2":{"loc":{"start":{"line":50,"column":8},"end":{"line":50,"column":73}},"type":"binary-expr","locations":[{"start":{"line":50,"column":8},"end":{"line":50,"column":35}},{"start":{"line":50,"column":39},"end":{"line":50,"column":73}}]},"3":{"loc":{"start":{"line":60,"column":4},"end":{"line":66,"column":5}},"type":"if","locations":[{"start":{"line":60,"column":4},"end":{"line":66,"column":5}}]},"4":{"loc":{"start":{"line":85,"column":2},"end":{"line":92,"column":3}},"type":"if","locations":[{"start":{"line":85,"column":2},"end":{"line":92,"column":3}}]},"5":{"loc":{"start":{"line":99,"column":2},"end":{"line":108,"column":3}},"type":"if","locations":[{"start":{"line":99,"column":2},"end":{"line":108,"column":3}}]},"6":{"loc":{"start":{"line":125,"column":2},"end":{"line":134,"column":3}},"type":"if","locations":[{"start":{"line":125,"column":2},"end":{"line":134,"column":3}}]},"7":{"loc":{"start":{"line":141,"column":2},"end":{"line":150,"column":3}},"type":"if","locations":[{"start":{"line":141,"column":2},"end":{"line":150,"column":3}}]},"8":{"loc":{"start":{"line":162,"column":2},"end":{"line":162,"column":41}},"type":"if","locations":[{"start":{"line":162,"column":2},"end":{"line":162,"column":41}}]},"9":{"loc":{"start":{"line":164,"column":2},"end":{"line":175,"column":3}},"type":"if","locations":[{"start":{"line":164,"column":2},"end":{"line":175,"column":3}}]}},"s":{"0":2,"1":2,"2":2,"3":2,"4":2,"5":2,"6":2,"7":2,"8":2,"9":2,"10":2,"11":4,"12":2,"13":2,"14":0,"15":0,"16":0,"17":0,"18":0,"19":0,"20":0,"21":0,"22":0,"23":0,"24":0,"25":0,"26":0,"27":0,"28":0,"29":0,"30":0,"31":0,"32":0,"33":0,"34":0,"35":0,"36":0,"37":0,"38":0,"39":0,"40":0,"41":2,"42":0,"43":2,"44":2,"45":1,"46":1,"47":1,"48":1},"f":{"0":4,"1":0,"2":0,"3":0,"4":0,"5":2,"6":1,"7":1},"b":{"0":[2],"1":[0],"2":[0,0],"3":[0],"4":[0],"5":[0],"6":[0],"7":[0],"8":[0],"9":[1]}}
}
