TN:
SF:runtime/constants/constants.ts
FNF:0
FNH:0
DA:34,3
DA:35,3
DA:45,3
DA:57,3
DA:63,3
DA:66,3
DA:72,3
DA:75,3
DA:78,3
DA:89,3
DA:92,3
DA:98,3
DA:105,3
DA:117,3
DA:118,3
DA:119,3
DA:120,3
DA:127,3
DA:156,3
DA:163,3
DA:164,3
DA:171,3
DA:178,3
DA:184,3
DA:197,3
DA:211,3
LF:26
LH:26
BRF:0
BRH:0
end_of_record
TN:
SF:runtime/emitters/flag-emitter.ts
FN:52,makeFlag
FN:74,makeFlagInfo
FN:85,makeFlagWarning
FN:96,makeFlagReview
FN:107,makeFlagError
FN:120,makeResearchRequiredFlag
FN:141,emitFlags
FN:142,(anonymous_7)
FN:143,(anonymous_8)
FN:144,(anonymous_9)
FN:145,(anonymous_10)
FNF:11
FNH:7
FNDA:2,makeFlag
FNDA:0,makeFlagInfo
FNDA:0,makeFlagWarning
FNDA:0,makeFlagReview
FNDA:2,makeFlagError
FNDA:0,makeResearchRequiredFlag
FNDA:2,emitFlags
FNDA:1,(anonymous_7)
FNDA:1,(anonymous_8)
FNDA:1,(anonymous_9)
FNDA:1,(anonymous_10)
DA:34,2
DA:52,2
DA:62,2
DA:74,2
DA:82,0
DA:85,2
DA:93,0
DA:96,2
DA:104,0
DA:107,2
DA:115,2
DA:120,2
DA:121,0
DA:141,2
DA:142,2
DA:143,2
DA:144,2
DA:145,2
DA:147,2
LF:19
LH:15
BRDA:58,0,0,0
BRDA:59,1,0,0
BRDA:60,2,0,0
BRDA:82,3,0,0
BRDA:82,3,1,0
BRDA:82,4,0,0
BRDA:82,4,1,0
BRDA:93,5,0,0
BRDA:93,5,1,0
BRDA:93,6,0,0
BRDA:93,6,1,0
BRDA:104,7,0,0
BRDA:104,7,1,0
BRDA:104,8,0,0
BRDA:104,8,1,0
BRDA:115,9,0,2
BRDA:115,9,1,0
BRDA:115,10,0,2
BRDA:115,10,1,1
BRF:19
BRH:3
end_of_record
TN:
SF:runtime/emitters/json-emitter.ts
FN:105,emitStructuredResult
FN:138,serializeResult
FNF:2
FNH:1
FNDA:2,emitStructuredResult
FNDA:0,serializeResult
DA:9,1
DA:105,1
DA:117,2
DA:138,1
DA:139,0
LF:5
LH:4
BRDA:118,0,0,2
BRDA:118,0,1,2
BRF:2
BRH:2
end_of_record
TN:
SF:runtime/formulas/heat-pump.ts
FN:51,computeCarnotHeatPumpBound
FN:77,computeHeatLift
FNF:2
FNH:2
FNDA:6,computeCarnotHeatPumpBound
FNDA:2,computeHeatLift
DA:51,3
DA:52,6
DA:53,1
DA:57,5
DA:58,0
DA:61,5
DA:62,5
DA:77,3
DA:78,2
DA:79,0
DA:81,2
DA:82,0
DA:86,2
DA:87,0
DA:92,2
DA:98,2
DA:99,1
DA:106,1
DA:107,1
DA:109,1
LF:20
LH:16
BRDA:52,0,0,1
BRDA:57,1,0,0
BRDA:78,2,0,0
BRDA:81,3,0,0
BRDA:86,4,0,0
BRDA:98,5,0,1
BRF:6
BRH:2
end_of_record
TN:
SF:runtime/formulas/loads.ts
FN:21,devicePowerAtState
FN:46,computeModuleTotal
FN:70,dutyFactor
FN:79,payloadBlockTotal
FN:89,nonComputeTotal
FN:90,(anonymous_5)
FN:97,aggregateCommsLoad
FN:104,(anonymous_7)
FN:122,internalRejectTotal
FN:136,totalRejectBurden
FN:184,aggregateInternalDissipation
FN:190,(anonymous_11)
FNF:12
FNH:12
FNDA:5,devicePowerAtState
FNDA:2,computeModuleTotal
FNDA:7,dutyFactor
FNDA:5,payloadBlockTotal
FNDA:4,nonComputeTotal
FNDA:5,(anonymous_5)
FNDA:1,aggregateCommsLoad
FNDA:2,(anonymous_7)
FNDA:2,internalRejectTotal
FNDA:1,totalRejectBurden
FNDA:1,aggregateInternalDissipation
FNDA:1,(anonymous_11)
DA:21,2
DA:22,5
DA:23,1
DA:24,1
DA:25,1
DA:26,2
DA:27,0
DA:46,2
DA:47,2
DA:70,2
DA:71,7
DA:72,3
DA:79,2
DA:80,5
DA:81,5
DA:89,2
DA:90,5
DA:97,2
DA:103,1
DA:105,2
DA:106,2
DA:122,2
DA:128,2
DA:136,2
DA:142,1
DA:184,2
DA:190,1
DA:191,1
DA:192,1
DA:203,1
DA:214,1
DA:219,1
DA:231,2
LF:33
LH:32
BRDA:22,0,0,1
BRDA:22,0,1,1
BRDA:22,0,2,1
BRDA:22,0,3,2
BRDA:22,0,4,0
BRDA:27,1,0,0
BRDA:27,1,1,0
BRDA:71,2,0,4
BRDA:203,3,0,1
BRDA:203,3,1,0
BRF:10
BRH:6
end_of_record
TN:
SF:runtime/formulas/power-cycle.ts
FN:10,carnotEfficiency
FN:20,carnotCopHeatLift
FN:37,validatePowerCycleEfficiency
FN:58,validateHeatLiftCop
FN:81,checkNoSilentUplift
FN:121,computeCarnotEngineBound
FNF:6
FNH:5
FNDA:6,carnotEfficiency
FNDA:5,carnotCopHeatLift
FNDA:3,validatePowerCycleEfficiency
FNDA:3,validateHeatLiftCop
FNDA:4,checkNoSilentUplift
FNDA:0,computeCarnotEngineBound
DA:10,3
DA:11,6
DA:12,6
DA:13,4
DA:20,3
DA:21,5
DA:22,5
DA:23,4
DA:37,3
DA:42,3
DA:43,3
DA:44,2
DA:51,1
DA:58,3
DA:63,3
DA:64,3
DA:65,2
DA:72,1
DA:81,3
DA:88,4
DA:89,4
DA:90,3
DA:91,3
DA:92,1
DA:97,2
DA:121,3
DA:122,0
DA:123,0
LF:28
LH:26
BRDA:11,0,0,0
BRDA:11,1,0,6
BRDA:11,1,1,6
BRDA:12,2,0,2
BRDA:21,3,0,0
BRDA:21,4,0,5
BRDA:21,4,1,5
BRDA:22,5,0,1
BRDA:43,6,0,2
BRDA:43,7,0,3
BRDA:43,7,1,2
BRDA:64,8,0,2
BRDA:64,9,0,3
BRDA:64,9,1,2
BRDA:89,10,0,1
BRDA:90,11,0,3
BRDA:90,11,1,2
BRDA:90,11,2,2
BRDA:90,11,3,2
BRDA:91,12,0,1
BRF:20
BRH:18
end_of_record
TN:
SF:runtime/formulas/radiation.ts
FN:32,radiatorEffectiveArea
FN:50,radiatorAchievedRejection
FN:64,verifyRegressionAnchor
FN:103,computeRadiatorArea
FNF:4
FNH:4
FNDA:8,radiatorEffectiveArea
FNDA:1,radiatorAchievedRejection
FNDA:1,verifyRegressionAnchor
FNDA:1,computeRadiatorArea
DA:9,2
DA:32,2
DA:33,8
DA:34,8
DA:35,8
DA:36,8
DA:37,8
DA:38,8
DA:50,2
DA:57,1
DA:64,2
DA:65,1
DA:73,1
DA:74,1
DA:103,2
DA:104,1
DA:112,1
LF:17
LH:17
BRDA:107,0,0,1
BRDA:107,0,1,1
BRF:2
BRH:2
end_of_record
TN:
SF:runtime/formulas/storage.ts
FN:10,sensibleCapacity
FN:18,latentCapacity
FN:26,dischargeDuration
FN:35,chargeDuration
FN:44,requiredPcmMass
FN:75,computeStorageEnergy
FNF:6
FNH:2
FNDA:1,sensibleCapacity
FNDA:0,latentCapacity
FNDA:0,dischargeDuration
FNDA:0,chargeDuration
FNDA:0,requiredPcmMass
FNDA:1,computeStorageEnergy
DA:10,1
DA:11,1
DA:18,1
DA:19,0
DA:26,1
DA:27,0
DA:28,0
DA:35,1
DA:36,0
DA:37,0
DA:44,1
DA:45,0
DA:46,0
DA:75,1
DA:76,1
DA:77,1
DA:78,1
DA:79,1
DA:80,1
LF:19
LH:12
BRDA:27,0,0,0
BRDA:36,1,0,0
BRDA:45,2,0,0
BRDA:77,3,0,0
BRF:4
BRH:0
end_of_record
TN:
SF:runtime/runner/run-scenario.ts
FN:104,runScenario
FN:188,(anonymous_1)
FN:188,(anonymous_2)
FN:350,(anonymous_3)
FN:394,emptyThermal
FN:403,emptyElectrical
FN:410,emptyPackaging
FNF:7
FNH:5
FNDA:2,runScenario
FNDA:0,(anonymous_1)
FNDA:0,(anonymous_2)
FNDA:4,(anonymous_3)
FNDA:1,emptyThermal
FNDA:1,emptyElectrical
FNDA:1,emptyPackaging
DA:8,1
DA:9,1
DA:10,1
DA:11,1
DA:12,1
DA:13,1
DA:14,1
DA:15,1
DA:16,1
DA:17,1
DA:104,1
DA:105,2
DA:106,2
DA:107,2
DA:111,2
DA:117,2
DA:120,2
DA:121,2
DA:122,1
DA:124,1
DA:125,1
DA:134,1
DA:135,0
DA:136,0
DA:140,1
DA:141,0
DA:142,0
DA:143,0
DA:144,0
DA:145,0
DA:157,0
DA:158,0
DA:159,0
DA:178,1
DA:186,1
DA:187,1
DA:188,0
DA:190,1
DA:192,1
DA:199,1
DA:200,1
DA:203,1
DA:204,1
DA:205,0
DA:206,0
DA:211,1
DA:212,1
DA:213,1
DA:214,0
DA:215,0
DA:216,0
DA:217,0
DA:218,0
DA:219,0
DA:220,0
DA:221,0
DA:224,0
DA:229,0
DA:234,1
DA:235,1
DA:236,1
DA:237,1
DA:240,1
DA:245,1
DA:247,1
DA:248,1
DA:250,1
DA:252,0
DA:253,0
DA:254,0
DA:260,1
DA:267,1
DA:268,1
DA:272,1
DA:273,0
DA:288,1
DA:289,0
DA:290,0
DA:291,0
DA:297,1
DA:298,0
DA:299,0
DA:300,0
DA:305,1
DA:306,0
DA:321,1
DA:322,1
DA:323,1
DA:324,1
DA:325,1
DA:326,1
DA:334,1
DA:335,1
DA:339,1
DA:340,1
DA:341,1
DA:344,1
DA:349,1
DA:350,1
DA:351,4
DA:353,1
DA:368,1
DA:377,1
DA:384,1
DA:385,1
DA:395,1
DA:404,1
DA:411,1
LF:108
LH:74
BRDA:121,0,0,1
BRDA:128,1,0,1
BRDA:128,1,1,1
BRDA:134,2,0,0
BRDA:140,3,0,0
BRDA:142,4,0,0
BRDA:143,5,0,0
BRDA:144,6,0,0
BRDA:144,7,0,0
BRDA:144,7,1,0
BRDA:157,8,0,0
BRDA:158,9,0,0
BRDA:158,10,0,0
BRDA:158,10,1,0
BRDA:181,11,0,1
BRDA:181,11,1,1
BRDA:182,12,0,1
BRDA:182,12,1,1
BRDA:186,13,0,1
BRDA:186,13,1,0
BRDA:187,14,0,0
BRDA:187,14,1,1
BRDA:188,15,0,0
BRDA:188,15,1,0
BRDA:190,16,0,1
BRDA:190,16,1,1
BRDA:204,17,0,0
BRDA:213,18,0,0
BRDA:215,19,0,0
BRDA:216,20,0,0
BRDA:216,20,1,0
BRDA:217,21,0,0
BRDA:217,21,1,0
BRDA:220,22,0,0
BRDA:229,23,0,0
BRDA:234,24,0,1
BRDA:234,24,1,0
BRDA:235,25,0,1
BRDA:235,25,1,0
BRDA:250,26,0,0
BRDA:250,26,1,1
BRDA:272,27,0,0
BRDA:288,28,0,0
BRDA:290,29,0,0
BRDA:297,30,0,0
BRDA:305,31,0,0
BRDA:323,32,0,1
BRDA:340,33,0,1
BRDA:344,34,0,1
BRDA:344,34,1,0
BRDA:344,35,0,1
BRDA:344,35,1,1
BRDA:346,36,0,0
BRDA:346,36,1,0
BRDA:349,37,0,1
BRDA:349,37,1,1
BRDA:351,38,0,0
BRDA:351,38,1,4
BRDA:374,39,0,0
BRDA:374,39,1,1
BRDA:378,40,0,1
BRDA:378,40,1,0
BRDA:381,41,0,1
BRDA:381,41,1,1
BRF:64
BRH:26
end_of_record
TN:
SF:runtime/transforms/default-expander.ts
FN:29,expandDefaults
FNF:1
FNH:1
FNDA:2,expandDefaults
DA:8,1
DA:29,1
DA:36,2
DA:38,2
DA:39,2
DA:40,2
DA:50,2
DA:54,2
DA:55,2
DA:56,2
DA:64,2
DA:65,2
DA:66,2
DA:74,2
DA:75,2
DA:76,2
DA:84,2
LF:17
LH:17
BRDA:38,0,0,2
BRDA:38,0,1,2
BRDA:39,1,0,2
BRDA:50,2,0,2
BRDA:50,2,1,0
BRDA:51,3,0,2
BRDA:51,3,1,0
BRDA:54,4,0,2
BRDA:54,4,1,2
BRDA:55,5,0,2
BRDA:60,6,0,2
BRDA:60,6,1,0
BRDA:64,7,0,2
BRDA:64,7,1,2
BRDA:65,8,0,2
BRDA:74,9,0,2
BRDA:74,9,1,2
BRDA:75,10,0,2
BRF:18
BRH:15
end_of_record
TN:
SF:runtime/transforms/scenario-aggregator.ts
FN:39,aggregateSystemBalance
FNF:1
FNH:1
FNDA:1,aggregateSystemBalance
DA:39,1
DA:46,1
DA:47,1
DA:50,1
DA:51,1
DA:52,0
DA:58,1
DA:64,1
DA:71,1
DA:72,1
DA:76,1
DA:82,1
LF:12
LH:11
BRDA:51,0,0,0
BRDA:51,0,1,1
BRDA:71,1,0,1
BRF:3
BRH:2
end_of_record
TN:
SF:runtime/validators/bounds.ts
FN:22,issue
FN:30,validatePacketForExport
FN:139,validateThermalZoneBounds
FN:163,validateStorageBounds
FN:187,validateRadiatorBounds
FN:206,boundsViolationsToFlags
FN:207,(anonymous_6)
FNF:7
FNH:3
FNDA:0,issue
FNDA:0,validatePacketForExport
FNDA:0,validateThermalZoneBounds
FNDA:1,validateStorageBounds
FNDA:1,validateRadiatorBounds
FNDA:2,boundsViolationsToFlags
FNDA:0,(anonymous_6)
DA:23,0
DA:30,1
DA:51,0
DA:52,0
DA:53,0
DA:56,0
DA:57,0
DA:58,0
DA:59,0
DA:61,0
DA:62,0
DA:63,0
DA:64,0
DA:65,0
DA:69,0
DA:70,0
DA:72,0
DA:73,0
DA:75,0
DA:76,0
DA:78,0
DA:79,0
DA:80,0
DA:83,0
DA:84,0
DA:85,0
DA:86,0
DA:90,0
DA:91,0
DA:92,0
DA:97,0
DA:98,0
DA:100,0
DA:101,0
DA:103,0
DA:104,0
DA:106,0
DA:107,0
DA:109,0
DA:110,0
DA:113,0
DA:127,1
DA:139,1
DA:147,0
DA:148,0
DA:149,0
DA:150,0
DA:151,0
DA:152,0
DA:153,0
DA:154,0
DA:155,0
DA:156,0
DA:163,1
DA:171,1
DA:172,1
DA:173,0
DA:174,1
DA:175,0
DA:176,1
DA:177,0
DA:178,1
DA:179,0
DA:180,1
DA:187,1
DA:192,1
DA:193,1
DA:194,0
DA:195,1
DA:196,0
DA:197,1
DA:198,0
DA:199,1
DA:206,1
DA:207,2
DA:208,0
LF:76
LH:18
BRDA:53,0,0,0
BRDA:56,1,0,0
BRDA:57,2,0,0
BRDA:58,3,0,0
BRDA:58,4,0,0
BRDA:58,4,1,0
BRDA:61,5,0,0
BRDA:63,6,0,0
BRDA:69,7,0,0
BRDA:69,8,0,0
BRDA:69,8,1,0
BRDA:72,9,0,0
BRDA:72,10,0,0
BRDA:72,10,1,0
BRDA:72,10,2,0
BRDA:75,11,0,0
BRDA:75,12,0,0
BRDA:75,12,1,0
BRDA:75,12,2,0
BRDA:78,13,0,0
BRDA:78,14,0,0
BRDA:78,14,1,0
BRDA:79,15,0,0
BRDA:83,16,0,0
BRDA:84,17,0,0
BRDA:84,18,0,0
BRDA:84,18,1,0
BRDA:85,19,0,0
BRDA:90,20,0,0
BRDA:91,21,0,0
BRDA:91,22,0,0
BRDA:91,22,1,0
BRDA:97,23,0,0
BRDA:97,24,0,0
BRDA:97,24,1,0
BRDA:100,25,0,0
BRDA:103,26,0,0
BRDA:106,27,0,0
BRDA:109,28,0,0
BRDA:148,29,0,0
BRDA:150,30,0,0
BRDA:152,31,0,0
BRDA:154,32,0,0
BRDA:154,33,0,0
BRDA:154,33,1,0
BRDA:172,34,0,0
BRDA:174,35,0,0
BRDA:176,36,0,0
BRDA:178,37,0,0
BRDA:178,38,0,1
BRDA:178,38,1,1
BRDA:193,39,0,0
BRDA:193,40,0,1
BRDA:193,40,1,1
BRDA:195,41,0,0
BRDA:197,42,0,0
BRDA:208,43,0,0
BRDA:208,43,1,0
BRDA:209,44,0,0
BRDA:209,44,1,0
BRDA:210,45,0,0
BRDA:210,45,1,0
BRF:62
BRH:4
end_of_record
TN:
SF:runtime/validators/operating-mode.ts
FN:25,validateOrbitClass
FN:44,validateNoModeFusion
FN:57,(anonymous_2)
FN:82,validateHeatLiftMode
FN:122,validatePowerCycleMode
FN:157,checkScavengingSignificance
FN:182,modeViolationsToFlags
FN:183,(anonymous_7)
FNF:8
FNH:4
FNDA:4,validateOrbitClass
FNDA:0,validateNoModeFusion
FNDA:0,(anonymous_2)
FNDA:0,validateHeatLiftMode
FNDA:0,validatePowerCycleMode
FNDA:2,checkScavengingSignificance
FNDA:1,modeViolationsToFlags
FNDA:1,(anonymous_7)
DA:8,2
DA:9,2
DA:10,2
DA:11,2
DA:12,2
DA:25,2
DA:26,4
DA:27,2
DA:35,2
DA:44,2
DA:47,0
DA:49,0
DA:50,0
DA:57,0
DA:58,0
DA:59,0
DA:60,0
DA:61,0
DA:67,0
DA:70,0
DA:82,2
DA:83,0
DA:85,0
DA:86,0
DA:91,0
DA:94,0
DA:99,0
DA:100,0
DA:110,0
DA:122,2
DA:123,0
DA:125,0
DA:126,0
DA:133,0
DA:136,0
DA:141,0
DA:142,0
DA:152,0
DA:157,2
DA:162,2
DA:163,2
DA:164,2
DA:165,1
DA:176,1
DA:182,2
DA:183,1
DA:184,1
LF:47
LH:21
BRDA:26,0,0,2
BRDA:50,1,0,0
BRDA:50,2,0,0
BRDA:50,2,1,0
BRDA:60,3,0,0
BRDA:85,4,0,0
BRDA:99,5,0,0
BRDA:125,6,0,0
BRDA:141,7,0,0
BRDA:162,8,0,0
BRDA:164,9,0,1
BRF:11
BRH:2
end_of_record
